ARM GAS  C:\Users\pedro\AppData\Local\Temp\cc3HTjVt.s 			page 1


   1              		.syntax unified
   2              		.cpu cortex-m3
   3              		.fpu softvfp
   4              		.eabi_attribute 20, 1
   5              		.eabi_attribute 21, 1
   6              		.eabi_attribute 23, 3
   7              		.eabi_attribute 24, 1
   8              		.eabi_attribute 25, 1
   9              		.eabi_attribute 26, 1
  10              		.eabi_attribute 30, 1
  11              		.eabi_attribute 34, 1
  12              		.eabi_attribute 18, 4
  13              		.thumb
  14              		.syntax unified
  15              		.file	"cymetadata.c"
  16              		.text
  17              	.Ltext0:
  18              		.cfi_sections	.debug_frame
  19              		.global	cy_metadata
  20              		.global	cy_meta_flashprotect
  21              		.global	cy_meta_wonvl
  22              		.global	cy_meta_custnvl
  23              		.global	cy_meta_configecc
  24              		.section	.cyconfigecc,"a",%progbits
  25              		.align	2
  26              		.type	cy_meta_configecc, %object
  27              		.size	cy_meta_configecc, 1316
  28              	cy_meta_configecc:
  29 0000 03       		.byte	3
  30 0001 4F       		.byte	79
  31 0002 00       		.byte	0
  32 0003 40       		.byte	64
  33 0004 05       		.byte	5
  34 0005 52       		.byte	82
  35 0006 00       		.byte	0
  36 0007 40       		.byte	64
  37 0008 01       		.byte	1
  38 0009 64       		.byte	100
  39 000a 00       		.byte	0
  40 000b 40       		.byte	64
  41 000c 02       		.byte	2
  42 000d 65       		.byte	101
  43 000e 00       		.byte	0
  44 000f 40       		.byte	64
  45 0010 01       		.byte	1
  46 0011 01       		.byte	1
  47 0012 01       		.byte	1
  48 0013 40       		.byte	64
  49 0014 04       		.byte	4
  50 0015 02       		.byte	2
  51 0016 01       		.byte	1
  52 0017 40       		.byte	64
  53 0018 01       		.byte	1
  54 0019 03       		.byte	3
  55 001a 01       		.byte	1
  56 001b 40       		.byte	64
  57 001c 02       		.byte	2
ARM GAS  C:\Users\pedro\AppData\Local\Temp\cc3HTjVt.s 			page 2


  58 001d 05       		.byte	5
  59 001e 01       		.byte	1
  60 001f 40       		.byte	64
  61 0020 02       		.byte	2
  62 0021 07       		.byte	7
  63 0022 01       		.byte	1
  64 0023 40       		.byte	64
  65 0024 45       		.byte	69
  66 0025 08       		.byte	8
  67 0026 01       		.byte	1
  68 0027 40       		.byte	64
  69 0028 3D       		.byte	61
  70 0029 09       		.byte	9
  71 002a 01       		.byte	1
  72 002b 40       		.byte	64
  73 002c 09       		.byte	9
  74 002d 0B       		.byte	11
  75 002e 01       		.byte	1
  76 002f 40       		.byte	64
  77 0030 01       		.byte	1
  78 0031 0D       		.byte	13
  79 0032 01       		.byte	1
  80 0033 40       		.byte	64
  81 0034 01       		.byte	1
  82 0035 0F       		.byte	15
  83 0036 01       		.byte	1
  84 0037 40       		.byte	64
  85 0038 01       		.byte	1
  86 0039 17       		.byte	23
  87 003a 01       		.byte	1
  88 003b 40       		.byte	64
  89 003c 6F       		.byte	111
  90 003d 18       		.byte	24
  91 003e 01       		.byte	1
  92 003f 40       		.byte	64
  93 0040 4A       		.byte	74
  94 0041 19       		.byte	25
  95 0042 01       		.byte	1
  96 0043 40       		.byte	64
  97 0044 46       		.byte	70
  98 0045 1A       		.byte	26
  99 0046 01       		.byte	1
 100 0047 40       		.byte	64
 101 0048 45       		.byte	69
 102 0049 1B       		.byte	27
 103 004a 01       		.byte	1
 104 004b 40       		.byte	64
 105 004c 06       		.byte	6
 106 004d 40       		.byte	64
 107 004e 01       		.byte	1
 108 004f 40       		.byte	64
 109 0050 02       		.byte	2
 110 0051 41       		.byte	65
 111 0052 01       		.byte	1
 112 0053 40       		.byte	64
 113 0054 0A       		.byte	10
 114 0055 42       		.byte	66
ARM GAS  C:\Users\pedro\AppData\Local\Temp\cc3HTjVt.s 			page 3


 115 0056 01       		.byte	1
 116 0057 40       		.byte	64
 117 0058 0B       		.byte	11
 118 0059 43       		.byte	67
 119 005a 01       		.byte	1
 120 005b 40       		.byte	64
 121 005c 08       		.byte	8
 122 005d 45       		.byte	69
 123 005e 01       		.byte	1
 124 005f 40       		.byte	64
 125 0060 0B       		.byte	11
 126 0061 46       		.byte	70
 127 0062 01       		.byte	1
 128 0063 40       		.byte	64
 129 0064 06       		.byte	6
 130 0065 47       		.byte	71
 131 0066 01       		.byte	1
 132 0067 40       		.byte	64
 133 0068 02       		.byte	2
 134 0069 48       		.byte	72
 135 006a 01       		.byte	1
 136 006b 40       		.byte	64
 137 006c 0E       		.byte	14
 138 006d 4C       		.byte	76
 139 006e 01       		.byte	1
 140 006f 40       		.byte	64
 141 0070 05       		.byte	5
 142 0071 4D       		.byte	77
 143 0072 01       		.byte	1
 144 0073 40       		.byte	64
 145 0074 04       		.byte	4
 146 0075 50       		.byte	80
 147 0076 01       		.byte	1
 148 0077 40       		.byte	64
 149 0078 01       		.byte	1
 150 0079 51       		.byte	81
 151 007a 01       		.byte	1
 152 007b 40       		.byte	64
 153 007c 0A       		.byte	10
 154 007d 93       		.byte	-109
 155 007e 0D       		.byte	13
 156 007f 30       		.byte	48
 157 0080 16       		.byte	22
 158 0081 4B       		.byte	75
 159 0082 09       		.byte	9
 160 0083 80       		.byte	-128
 161 0084 0C       		.byte	12
 162 0085 04       		.byte	4
 163 0086 10       		.byte	16
 164 0087 A0       		.byte	-96
 165 0088 11       		.byte	17
 166 0089 80       		.byte	-128
 167 008a 78       		.byte	120
 168 008b 80       		.byte	-128
 169 008c 89       		.byte	-119
 170 008d 38       		.byte	56
 171 008e 89       		.byte	-119
ARM GAS  C:\Users\pedro\AppData\Local\Temp\cc3HTjVt.s 			page 4


 172 008f 0F       		.byte	15
 173 0090 8A       		.byte	-118
 174 0091 72       		.byte	114
 175 0092 E2       		.byte	-30
 176 0093 02       		.byte	2
 177 0094 B9       		.byte	-71
 178 0095 80       		.byte	-128
 179 0096 BF       		.byte	-65
 180 0097 40       		.byte	64
 181 0098 D9       		.byte	-39
 182 0099 04       		.byte	4
 183 009a DF       		.byte	-33
 184 009b 01       		.byte	1
 185 009c 21       		.byte	33
 186 009d 80       		.byte	-128
 187 009e A9       		.byte	-87
 188 009f 80       		.byte	-128
 189 00a0 E4       		.byte	-28
 190 00a1 40       		.byte	64
 191 00a2 E2       		.byte	-30
 192 00a3 01       		.byte	1
 193 00a4 E6       		.byte	-26
 194 00a5 03       		.byte	3
 195 00a6 06       		.byte	6
 196 00a7 08       		.byte	8
 197 00a8 07       		.byte	7
 198 00a9 04       		.byte	4
 199 00aa 0A       		.byte	10
 200 00ab 01       		.byte	1
 201 00ac 0D       		.byte	13
 202 00ad 08       		.byte	8
 203 00ae 0E       		.byte	14
 204 00af 40       		.byte	64
 205 00b0 13       		.byte	19
 206 00b1 01       		.byte	1
 207 00b2 14       		.byte	20
 208 00b3 05       		.byte	5
 209 00b4 15       		.byte	21
 210 00b5 01       		.byte	1
 211 00b6 16       		.byte	22
 212 00b7 1A       		.byte	26
 213 00b8 17       		.byte	23
 214 00b9 02       		.byte	2
 215 00ba 1A       		.byte	26
 216 00bb 04       		.byte	4
 217 00bc 1E       		.byte	30
 218 00bd 40       		.byte	64
 219 00be 20       		.byte	32
 220 00bf 03       		.byte	3
 221 00c0 22       		.byte	34
 222 00c1 0C       		.byte	12
 223 00c2 2A       		.byte	42
 224 00c3 30       		.byte	48
 225 00c4 2E       		.byte	46
 226 00c5 02       		.byte	2
 227 00c6 30       		.byte	48
 228 00c7 10       		.byte	16
ARM GAS  C:\Users\pedro\AppData\Local\Temp\cc3HTjVt.s 			page 5


 229 00c8 31       		.byte	49
 230 00c9 02       		.byte	2
 231 00ca 32       		.byte	50
 232 00cb 20       		.byte	32
 233 00cc 33       		.byte	51
 234 00cd 01       		.byte	1
 235 00ce 34       		.byte	52
 236 00cf 40       		.byte	64
 237 00d0 35       		.byte	53
 238 00d1 04       		.byte	4
 239 00d2 36       		.byte	54
 240 00d3 0F       		.byte	15
 241 00d4 37       		.byte	55
 242 00d5 08       		.byte	8
 243 00d6 3A       		.byte	58
 244 00d7 0A       		.byte	10
 245 00d8 3E       		.byte	62
 246 00d9 50       		.byte	80
 247 00da 3F       		.byte	63
 248 00db 40       		.byte	64
 249 00dc 58       		.byte	88
 250 00dd 04       		.byte	4
 251 00de 59       		.byte	89
 252 00df 04       		.byte	4
 253 00e0 5B       		.byte	91
 254 00e1 04       		.byte	4
 255 00e2 5C       		.byte	92
 256 00e3 23       		.byte	35
 257 00e4 5F       		.byte	95
 258 00e5 01       		.byte	1
 259 00e6 86       		.byte	-122
 260 00e7 01       		.byte	1
 261 00e8 8A       		.byte	-118
 262 00e9 08       		.byte	8
 263 00ea 8C       		.byte	-116
 264 00eb 02       		.byte	2
 265 00ec 8D       		.byte	-115
 266 00ed 04       		.byte	4
 267 00ee 8E       		.byte	-114
 268 00ef 04       		.byte	4
 269 00f0 92       		.byte	-110
 270 00f1 08       		.byte	8
 271 00f2 93       		.byte	-109
 272 00f3 03       		.byte	3
 273 00f4 95       		.byte	-107
 274 00f5 17       		.byte	23
 275 00f6 96       		.byte	-106
 276 00f7 06       		.byte	6
 277 00f8 97       		.byte	-105
 278 00f9 28       		.byte	40
 279 00fa 98       		.byte	-104
 280 00fb 01       		.byte	1
 281 00fc 9D       		.byte	-99
 282 00fd 08       		.byte	8
 283 00fe A1       		.byte	-95
 284 00ff 0E       		.byte	14
 285 0100 A2       		.byte	-94
ARM GAS  C:\Users\pedro\AppData\Local\Temp\cc3HTjVt.s 			page 6


 286 0101 01       		.byte	1
 287 0102 A3       		.byte	-93
 288 0103 31       		.byte	49
 289 0104 A5       		.byte	-91
 290 0105 20       		.byte	32
 291 0106 A8       		.byte	-88
 292 0107 01       		.byte	1
 293 0108 A9       		.byte	-87
 294 0109 10       		.byte	16
 295 010a AE       		.byte	-82
 296 010b 06       		.byte	6
 297 010c B0       		.byte	-80
 298 010d 08       		.byte	8
 299 010e B1       		.byte	-79
 300 010f 01       		.byte	1
 301 0110 B2       		.byte	-78
 302 0111 02       		.byte	2
 303 0112 B3       		.byte	-77
 304 0113 02       		.byte	2
 305 0114 B4       		.byte	-76
 306 0115 04       		.byte	4
 307 0116 B5       		.byte	-75
 308 0117 3C       		.byte	60
 309 0118 B6       		.byte	-74
 310 0119 01       		.byte	1
 311 011a B8       		.byte	-72
 312 011b 80       		.byte	-128
 313 011c BE       		.byte	-66
 314 011d 15       		.byte	21
 315 011e BF       		.byte	-65
 316 011f 15       		.byte	21
 317 0120 D4       		.byte	-44
 318 0121 18       		.byte	24
 319 0122 D6       		.byte	-42
 320 0123 04       		.byte	4
 321 0124 D8       		.byte	-40
 322 0125 04       		.byte	4
 323 0126 D9       		.byte	-39
 324 0127 04       		.byte	4
 325 0128 DB       		.byte	-37
 326 0129 04       		.byte	4
 327 012a DC       		.byte	-36
 328 012b 01       		.byte	1
 329 012c DD       		.byte	-35
 330 012d 10       		.byte	16
 331 012e DF       		.byte	-33
 332 012f 01       		.byte	1
 333 0130 00       		.byte	0
 334 0131 20       		.byte	32
 335 0132 02       		.byte	2
 336 0133 20       		.byte	32
 337 0134 03       		.byte	3
 338 0135 03       		.byte	3
 339 0136 05       		.byte	5
 340 0137 04       		.byte	4
 341 0138 06       		.byte	6
 342 0139 05       		.byte	5
ARM GAS  C:\Users\pedro\AppData\Local\Temp\cc3HTjVt.s 			page 7


 343 013a 09       		.byte	9
 344 013b 08       		.byte	8
 345 013c 0A       		.byte	10
 346 013d 84       		.byte	-124
 347 013e 0D       		.byte	13
 348 013f 28       		.byte	40
 349 0140 0E       		.byte	14
 350 0141 01       		.byte	1
 351 0142 10       		.byte	16
 352 0143 02       		.byte	2
 353 0144 11       		.byte	17
 354 0145 01       		.byte	1
 355 0146 12       		.byte	18
 356 0147 08       		.byte	8
 357 0148 17       		.byte	23
 358 0149 51       		.byte	81
 359 014a 1A       		.byte	26
 360 014b 11       		.byte	17
 361 014c 1B       		.byte	27
 362 014d 21       		.byte	33
 363 014e 1D       		.byte	29
 364 014f 99       		.byte	-103
 365 0150 1F       		.byte	31
 366 0151 02       		.byte	2
 367 0152 20       		.byte	32
 368 0153 90       		.byte	-112
 369 0154 21       		.byte	33
 370 0155 10       		.byte	16
 371 0156 26       		.byte	38
 372 0157 81       		.byte	-127
 373 0158 27       		.byte	39
 374 0159 28       		.byte	40
 375 015a 28       		.byte	40
 376 015b 04       		.byte	4
 377 015c 29       		.byte	41
 378 015d 05       		.byte	5
 379 015e 30       		.byte	48
 380 015f 82       		.byte	-126
 381 0160 31       		.byte	49
 382 0161 08       		.byte	8
 383 0162 33       		.byte	51
 384 0163 40       		.byte	64
 385 0164 36       		.byte	54
 386 0165 01       		.byte	1
 387 0166 37       		.byte	55
 388 0167 08       		.byte	8
 389 0168 38       		.byte	56
 390 0169 80       		.byte	-128
 391 016a 3C       		.byte	60
 392 016b 40       		.byte	64
 393 016c 3D       		.byte	61
 394 016d 08       		.byte	8
 395 016e 5A       		.byte	90
 396 016f 02       		.byte	2
 397 0170 5F       		.byte	95
 398 0171 90       		.byte	-112
 399 0172 61       		.byte	97
ARM GAS  C:\Users\pedro\AppData\Local\Temp\cc3HTjVt.s 			page 8


 400 0173 10       		.byte	16
 401 0174 63       		.byte	99
 402 0175 42       		.byte	66
 403 0176 68       		.byte	104
 404 0177 02       		.byte	2
 405 0178 69       		.byte	105
 406 0179 80       		.byte	-128
 407 017a 81       		.byte	-127
 408 017b C0       		.byte	-64
 409 017c 83       		.byte	-125
 410 017d 20       		.byte	32
 411 017e 84       		.byte	-124
 412 017f 04       		.byte	4
 413 0180 85       		.byte	-123
 414 0181 20       		.byte	32
 415 0182 86       		.byte	-122
 416 0183 80       		.byte	-128
 417 0184 87       		.byte	-121
 418 0185 40       		.byte	64
 419 0186 94       		.byte	-108
 420 0187 10       		.byte	16
 421 0188 95       		.byte	-107
 422 0189 20       		.byte	32
 423 018a 96       		.byte	-106
 424 018b 10       		.byte	16
 425 018c 9B       		.byte	-101
 426 018d 10       		.byte	16
 427 018e A0       		.byte	-96
 428 018f 80       		.byte	-128
 429 0190 A4       		.byte	-92
 430 0191 40       		.byte	64
 431 0192 AA       		.byte	-86
 432 0193 10       		.byte	16
 433 0194 C0       		.byte	-64
 434 0195 E7       		.byte	-25
 435 0196 C2       		.byte	-62
 436 0197 EE       		.byte	-18
 437 0198 C4       		.byte	-60
 438 0199 DB       		.byte	-37
 439 019a CA       		.byte	-54
 440 019b 07       		.byte	7
 441 019c CC       		.byte	-52
 442 019d CB       		.byte	-53
 443 019e CE       		.byte	-50
 444 019f 58       		.byte	88
 445 01a0 D6       		.byte	-42
 446 01a1 31       		.byte	49
 447 01a2 D8       		.byte	-40
 448 01a3 0D       		.byte	13
 449 01a4 E2       		.byte	-30
 450 01a5 08       		.byte	8
 451 01a6 E4       		.byte	-28
 452 01a7 0C       		.byte	12
 453 01a8 E8       		.byte	-24
 454 01a9 01       		.byte	1
 455 01aa 8C       		.byte	-116
 456 01ab 10       		.byte	16
ARM GAS  C:\Users\pedro\AppData\Local\Temp\cc3HTjVt.s 			page 9


 457 01ac 8F       		.byte	-113
 458 01ad 10       		.byte	16
 459 01ae 95       		.byte	-107
 460 01af 20       		.byte	32
 461 01b0 A0       		.byte	-96
 462 01b1 80       		.byte	-128
 463 01b2 A4       		.byte	-92
 464 01b3 40       		.byte	64
 465 01b4 AC       		.byte	-84
 466 01b5 40       		.byte	64
 467 01b6 B0       		.byte	-80
 468 01b7 80       		.byte	-128
 469 01b8 E4       		.byte	-28
 470 01b9 40       		.byte	64
 471 01ba E8       		.byte	-24
 472 01bb 02       		.byte	2
 473 01bc 95       		.byte	-107
 474 01bd 20       		.byte	32
 475 01be 85       		.byte	-123
 476 01bf 10       		.byte	16
 477 01c0 EA       		.byte	-22
 478 01c1 02       		.byte	2
 479 01c2 00       		.byte	0
 480 01c3 10       		.byte	16
 481 01c4 02       		.byte	2
 482 01c5 40       		.byte	64
 483 01c6 03       		.byte	3
 484 01c7 13       		.byte	19
 485 01c8 04       		.byte	4
 486 01c9 14       		.byte	20
 487 01ca 08       		.byte	8
 488 01cb DC       		.byte	-36
 489 01cc 0A       		.byte	10
 490 01cd 22       		.byte	34
 491 01ce 0B       		.byte	11
 492 01cf 0C       		.byte	12
 493 01d0 0E       		.byte	14
 494 01d1 03       		.byte	3
 495 01d2 14       		.byte	20
 496 01d3 10       		.byte	16
 497 01d4 15       		.byte	21
 498 01d5 2C       		.byte	44
 499 01d6 16       		.byte	22
 500 01d7 AC       		.byte	-84
 501 01d8 17       		.byte	23
 502 01d9 03       		.byte	3
 503 01da 1F       		.byte	31
 504 01db 08       		.byte	8
 505 01dc 24       		.byte	36
 506 01dd 09       		.byte	9
 507 01de 25       		.byte	37
 508 01df 31       		.byte	49
 509 01e0 26       		.byte	38
 510 01e1 D0       		.byte	-48
 511 01e2 27       		.byte	39
 512 01e3 06       		.byte	6
 513 01e4 28       		.byte	40
ARM GAS  C:\Users\pedro\AppData\Local\Temp\cc3HTjVt.s 			page 10


 514 01e5 0C       		.byte	12
 515 01e6 29       		.byte	41
 516 01e7 31       		.byte	49
 517 01e8 2A       		.byte	42
 518 01e9 71       		.byte	113
 519 01ea 2B       		.byte	43
 520 01eb 0E       		.byte	14
 521 01ec 2E       		.byte	46
 522 01ed 20       		.byte	32
 523 01ee 30       		.byte	48
 524 01ef 1F       		.byte	31
 525 01f0 32       		.byte	50
 526 01f1 E0       		.byte	-32
 527 01f2 33       		.byte	51
 528 01f3 30       		.byte	48
 529 01f4 35       		.byte	53
 530 01f5 0F       		.byte	15
 531 01f6 39       		.byte	57
 532 01f7 08       		.byte	8
 533 01f8 3A       		.byte	58
 534 01f9 08       		.byte	8
 535 01fa 3B       		.byte	59
 536 01fb 20       		.byte	32
 537 01fc 3F       		.byte	63
 538 01fd 04       		.byte	4
 539 01fe 40       		.byte	64
 540 01ff 02       		.byte	2
 541 0200 46       		.byte	70
 542 0201 04       		.byte	4
 543 0202 49       		.byte	73
 544 0203 FF       		.byte	-1
 545 0204 4A       		.byte	74
 546 0205 07       		.byte	7
 547 0206 4B       		.byte	75
 548 0207 FF       		.byte	-1
 549 0208 4C       		.byte	76
 550 0209 40       		.byte	64
 551 020a 4D       		.byte	77
 552 020b 20       		.byte	32
 553 020c 4E       		.byte	78
 554 020d F0       		.byte	-16
 555 020e 4F       		.byte	79
 556 020f 05       		.byte	5
 557 0210 50       		.byte	80
 558 0211 08       		.byte	8
 559 0212 58       		.byte	88
 560 0213 04       		.byte	4
 561 0214 59       		.byte	89
 562 0215 04       		.byte	4
 563 0216 5A       		.byte	90
 564 0217 04       		.byte	4
 565 0218 5C       		.byte	92
 566 0219 11       		.byte	17
 567 021a 5D       		.byte	93
 568 021b 01       		.byte	1
 569 021c 5F       		.byte	95
 570 021d 01       		.byte	1
ARM GAS  C:\Users\pedro\AppData\Local\Temp\cc3HTjVt.s 			page 11


 571 021e 60       		.byte	96
 572 021f 40       		.byte	64
 573 0220 61       		.byte	97
 574 0221 A8       		.byte	-88
 575 0222 62       		.byte	98
 576 0223 40       		.byte	64
 577 0224 63       		.byte	99
 578 0225 20       		.byte	32
 579 0226 80       		.byte	-128
 580 0227 03       		.byte	3
 581 0228 82       		.byte	-126
 582 0229 14       		.byte	20
 583 022a 84       		.byte	-124
 584 022b 33       		.byte	51
 585 022c 85       		.byte	-123
 586 022d 44       		.byte	68
 587 022e 86       		.byte	-122
 588 022f 0C       		.byte	12
 589 0230 87       		.byte	-121
 590 0231 31       		.byte	49
 591 0232 8A       		.byte	-118
 592 0233 08       		.byte	8
 593 0234 8D       		.byte	-115
 594 0235 01       		.byte	1
 595 0236 8F       		.byte	-113
 596 0237 0E       		.byte	14
 597 0238 94       		.byte	-108
 598 0239 33       		.byte	51
 599 023a 95       		.byte	-107
 600 023b 67       		.byte	103
 601 023c 96       		.byte	-106
 602 023d 04       		.byte	4
 603 023e 99       		.byte	-103
 604 023f 67       		.byte	103
 605 0240 A0       		.byte	-96
 606 0241 40       		.byte	64
 607 0242 A2       		.byte	-94
 608 0243 15       		.byte	21
 609 0244 A4       		.byte	-92
 610 0245 0A       		.byte	10
 611 0246 A5       		.byte	-91
 612 0247 22       		.byte	34
 613 0248 A6       		.byte	-90
 614 0249 34       		.byte	52
 615 024a A7       		.byte	-89
 616 024b D1       		.byte	-47
 617 024c B0       		.byte	-80
 618 024d 10       		.byte	16
 619 024e B1       		.byte	-79
 620 024f 07       		.byte	7
 621 0250 B2       		.byte	-78
 622 0251 60       		.byte	96
 623 0252 B3       		.byte	-77
 624 0253 60       		.byte	96
 625 0254 B4       		.byte	-76
 626 0255 0F       		.byte	15
 627 0256 B5       		.byte	-75
ARM GAS  C:\Users\pedro\AppData\Local\Temp\cc3HTjVt.s 			page 12


 628 0257 80       		.byte	-128
 629 0258 B7       		.byte	-73
 630 0259 18       		.byte	24
 631 025a B8       		.byte	-72
 632 025b 08       		.byte	8
 633 025c BA       		.byte	-70
 634 025d 20       		.byte	32
 635 025e BE       		.byte	-66
 636 025f 01       		.byte	1
 637 0260 BF       		.byte	-65
 638 0261 40       		.byte	64
 639 0262 C0       		.byte	-64
 640 0263 24       		.byte	36
 641 0264 C1       		.byte	-63
 642 0265 06       		.byte	6
 643 0266 C2       		.byte	-62
 644 0267 05       		.byte	5
 645 0268 C4       		.byte	-60
 646 0269 01       		.byte	1
 647 026a C5       		.byte	-59
 648 026b 0C       		.byte	12
 649 026c C7       		.byte	-57
 650 026d E0       		.byte	-32
 651 026e C8       		.byte	-56
 652 026f 21       		.byte	33
 653 0270 C9       		.byte	-55
 654 0271 FF       		.byte	-1
 655 0272 CA       		.byte	-54
 656 0273 FF       		.byte	-1
 657 0274 CB       		.byte	-53
 658 0275 FF       		.byte	-1
 659 0276 CC       		.byte	-52
 660 0277 62       		.byte	98
 661 0278 CD       		.byte	-51
 662 0279 A0       		.byte	-96
 663 027a CE       		.byte	-50
 664 027b F0       		.byte	-16
 665 027c CF       		.byte	-49
 666 027d 41       		.byte	65
 667 027e D0       		.byte	-48
 668 027f 0C       		.byte	12
 669 0280 D4       		.byte	-44
 670 0281 01       		.byte	1
 671 0282 D8       		.byte	-40
 672 0283 04       		.byte	4
 673 0284 D9       		.byte	-39
 674 0285 04       		.byte	4
 675 0286 DA       		.byte	-38
 676 0287 04       		.byte	4
 677 0288 DB       		.byte	-37
 678 0289 04       		.byte	4
 679 028a DC       		.byte	-36
 680 028b 11       		.byte	17
 681 028c DD       		.byte	-35
 682 028d 11       		.byte	17
 683 028e DF       		.byte	-33
 684 028f 01       		.byte	1
ARM GAS  C:\Users\pedro\AppData\Local\Temp\cc3HTjVt.s 			page 13


 685 0290 E6       		.byte	-26
 686 0291 40       		.byte	64
 687 0292 E7       		.byte	-25
 688 0293 02       		.byte	2
 689 0294 E9       		.byte	-23
 690 0295 10       		.byte	16
 691 0296 EA       		.byte	-22
 692 0297 30       		.byte	48
 693 0298 EB       		.byte	-21
 694 0299 10       		.byte	16
 695 029a ED       		.byte	-19
 696 029b 10       		.byte	16
 697 029c EE       		.byte	-18
 698 029d 10       		.byte	16
 699 029e EF       		.byte	-17
 700 029f 12       		.byte	18
 701 02a0 00       		.byte	0
 702 02a1 10       		.byte	16
 703 02a2 02       		.byte	2
 704 02a3 80       		.byte	-128
 705 02a4 03       		.byte	3
 706 02a5 20       		.byte	32
 707 02a6 04       		.byte	4
 708 02a7 40       		.byte	64
 709 02a8 06       		.byte	6
 710 02a9 50       		.byte	80
 711 02aa 07       		.byte	7
 712 02ab 48       		.byte	72
 713 02ac 08       		.byte	8
 714 02ad 04       		.byte	4
 715 02ae 09       		.byte	9
 716 02af 08       		.byte	8
 717 02b0 0F       		.byte	15
 718 02b1 20       		.byte	32
 719 02b2 10       		.byte	16
 720 02b3 80       		.byte	-128
 721 02b4 13       		.byte	19
 722 02b5 08       		.byte	8
 723 02b6 14       		.byte	20
 724 02b7 04       		.byte	4
 725 02b8 16       		.byte	22
 726 02b9 22       		.byte	34
 727 02ba 18       		.byte	24
 728 02bb 10       		.byte	16
 729 02bc 1A       		.byte	26
 730 02bd 40       		.byte	64
 731 02be 1B       		.byte	27
 732 02bf 30       		.byte	48
 733 02c0 1C       		.byte	28
 734 02c1 40       		.byte	64
 735 02c2 1D       		.byte	29
 736 02c3 08       		.byte	8
 737 02c4 1F       		.byte	31
 738 02c5 08       		.byte	8
 739 02c6 20       		.byte	32
 740 02c7 81       		.byte	-127
 741 02c8 21       		.byte	33
ARM GAS  C:\Users\pedro\AppData\Local\Temp\cc3HTjVt.s 			page 14


 742 02c9 15       		.byte	21
 743 02ca 23       		.byte	35
 744 02cb 50       		.byte	80
 745 02cc 27       		.byte	39
 746 02cd 28       		.byte	40
 747 02ce 28       		.byte	40
 748 02cf 20       		.byte	32
 749 02d0 2F       		.byte	47
 750 02d1 28       		.byte	40
 751 02d2 31       		.byte	49
 752 02d3 40       		.byte	64
 753 02d4 32       		.byte	50
 754 02d5 40       		.byte	64
 755 02d6 33       		.byte	51
 756 02d7 14       		.byte	20
 757 02d8 37       		.byte	55
 758 02d9 48       		.byte	72
 759 02da 39       		.byte	57
 760 02db 08       		.byte	8
 761 02dc 3B       		.byte	59
 762 02dd 40       		.byte	64
 763 02de 3C       		.byte	60
 764 02df 10       		.byte	16
 765 02e0 3E       		.byte	62
 766 02e1 22       		.byte	34
 767 02e2 3F       		.byte	63
 768 02e3 02       		.byte	2
 769 02e4 40       		.byte	64
 770 02e5 05       		.byte	5
 771 02e6 42       		.byte	66
 772 02e7 04       		.byte	4
 773 02e8 43       		.byte	67
 774 02e9 02       		.byte	2
 775 02ea 47       		.byte	71
 776 02eb 20       		.byte	32
 777 02ec 48       		.byte	72
 778 02ed 10       		.byte	16
 779 02ee 49       		.byte	73
 780 02ef 40       		.byte	64
 781 02f0 4A       		.byte	74
 782 02f1 08       		.byte	8
 783 02f2 4C       		.byte	76
 784 02f3 80       		.byte	-128
 785 02f4 4F       		.byte	79
 786 02f5 02       		.byte	2
 787 02f6 52       		.byte	82
 788 02f7 01       		.byte	1
 789 02f8 56       		.byte	86
 790 02f9 40       		.byte	64
 791 02fa 59       		.byte	89
 792 02fb 14       		.byte	20
 793 02fc 5A       		.byte	90
 794 02fd 41       		.byte	65
 795 02fe 81       		.byte	-127
 796 02ff 04       		.byte	4
 797 0300 85       		.byte	-123
 798 0301 04       		.byte	4
ARM GAS  C:\Users\pedro\AppData\Local\Temp\cc3HTjVt.s 			page 15


 799 0302 87       		.byte	-121
 800 0303 40       		.byte	64
 801 0304 94       		.byte	-108
 802 0305 40       		.byte	64
 803 0306 95       		.byte	-107
 804 0307 01       		.byte	1
 805 0308 96       		.byte	-106
 806 0309 86       		.byte	-122
 807 030a 9E       		.byte	-98
 808 030b 01       		.byte	1
 809 030c A4       		.byte	-92
 810 030d 10       		.byte	16
 811 030e A5       		.byte	-91
 812 030f 04       		.byte	4
 813 0310 A6       		.byte	-90
 814 0311 28       		.byte	40
 815 0312 A8       		.byte	-88
 816 0313 40       		.byte	64
 817 0314 AA       		.byte	-86
 818 0315 04       		.byte	4
 819 0316 AF       		.byte	-81
 820 0317 20       		.byte	32
 821 0318 B1       		.byte	-79
 822 0319 08       		.byte	8
 823 031a B3       		.byte	-77
 824 031b 92       		.byte	-110
 825 031c B5       		.byte	-75
 826 031d 04       		.byte	4
 827 031e C0       		.byte	-64
 828 031f FE       		.byte	-2
 829 0320 C2       		.byte	-62
 830 0321 24       		.byte	36
 831 0322 C4       		.byte	-60
 832 0323 EC       		.byte	-20
 833 0324 CA       		.byte	-54
 834 0325 62       		.byte	98
 835 0326 CC       		.byte	-52
 836 0327 56       		.byte	86
 837 0328 CE       		.byte	-50
 838 0329 AA       		.byte	-86
 839 032a D0       		.byte	-48
 840 032b 2D       		.byte	45
 841 032c D2       		.byte	-46
 842 032d 0C       		.byte	12
 843 032e D6       		.byte	-42
 844 032f 0F       		.byte	15
 845 0330 E2       		.byte	-30
 846 0331 04       		.byte	4
 847 0332 EA       		.byte	-22
 848 0333 01       		.byte	1
 849 0334 00       		.byte	0
 850 0335 1F       		.byte	31
 851 0336 01       		.byte	1
 852 0337 C0       		.byte	-64
 853 0338 02       		.byte	2
 854 0339 20       		.byte	32
 855 033a 04       		.byte	4
ARM GAS  C:\Users\pedro\AppData\Local\Temp\cc3HTjVt.s 			page 16


 856 033b 33       		.byte	51
 857 033c 05       		.byte	5
 858 033d 08       		.byte	8
 859 033e 06       		.byte	6
 860 033f 0C       		.byte	12
 861 0340 08       		.byte	8
 862 0341 3F       		.byte	63
 863 0342 0B       		.byte	11
 864 0343 04       		.byte	4
 865 0344 0C       		.byte	12
 866 0345 03       		.byte	3
 867 0346 0D       		.byte	13
 868 0347 80       		.byte	-128
 869 0348 12       		.byte	18
 870 0349 23       		.byte	35
 871 034a 13       		.byte	19
 872 034b E3       		.byte	-29
 873 034c 14       		.byte	20
 874 034d 0C       		.byte	12
 875 034e 15       		.byte	21
 876 034f 18       		.byte	24
 877 0350 18       		.byte	24
 878 0351 01       		.byte	1
 879 0352 19       		.byte	25
 880 0353 44       		.byte	68
 881 0354 1C       		.byte	28
 882 0355 40       		.byte	64
 883 0356 1D       		.byte	29
 884 0357 10       		.byte	16
 885 0358 20       		.byte	32
 886 0359 08       		.byte	8
 887 035a 21       		.byte	33
 888 035b 1C       		.byte	28
 889 035c 23       		.byte	35
 890 035d E1       		.byte	-31
 891 035e 24       		.byte	36
 892 035f 04       		.byte	4
 893 0360 25       		.byte	37
 894 0361 FF       		.byte	-1
 895 0362 28       		.byte	40
 896 0363 02       		.byte	2
 897 0364 29       		.byte	41
 898 0365 E7       		.byte	-25
 899 0366 2B       		.byte	43
 900 0367 18       		.byte	24
 901 0368 2C       		.byte	44
 902 0369 1C       		.byte	28
 903 036a 2D       		.byte	45
 904 036b 3C       		.byte	60
 905 036c 2E       		.byte	46
 906 036d 23       		.byte	35
 907 036e 2F       		.byte	47
 908 036f C2       		.byte	-62
 909 0370 30       		.byte	48
 910 0371 10       		.byte	16
 911 0372 31       		.byte	49
 912 0373 C0       		.byte	-64
ARM GAS  C:\Users\pedro\AppData\Local\Temp\cc3HTjVt.s 			page 17


 913 0374 32       		.byte	50
 914 0375 40       		.byte	64
 915 0376 34       		.byte	52
 916 0377 0F       		.byte	15
 917 0378 35       		.byte	53
 918 0379 1F       		.byte	31
 919 037a 36       		.byte	54
 920 037b 2C       		.byte	44
 921 037c 37       		.byte	55
 922 037d 38       		.byte	56
 923 037e 3A       		.byte	58
 924 037f A0       		.byte	-96
 925 0380 3B       		.byte	59
 926 0381 28       		.byte	40
 927 0382 3E       		.byte	62
 928 0383 05       		.byte	5
 929 0384 40       		.byte	64
 930 0385 21       		.byte	33
 931 0386 41       		.byte	65
 932 0387 03       		.byte	3
 933 0388 46       		.byte	70
 934 0389 BC       		.byte	-68
 935 038a 47       		.byte	71
 936 038b E0       		.byte	-32
 937 038c 48       		.byte	72
 938 038d 2C       		.byte	44
 939 038e 49       		.byte	73
 940 038f FF       		.byte	-1
 941 0390 4A       		.byte	74
 942 0391 FF       		.byte	-1
 943 0392 4B       		.byte	75
 944 0393 FF       		.byte	-1
 945 0394 4E       		.byte	78
 946 0395 F0       		.byte	-16
 947 0396 4F       		.byte	79
 948 0397 44       		.byte	68
 949 0398 50       		.byte	80
 950 0399 0C       		.byte	12
 951 039a 56       		.byte	86
 952 039b 02       		.byte	2
 953 039c 57       		.byte	87
 954 039d 10       		.byte	16
 955 039e 58       		.byte	88
 956 039f 04       		.byte	4
 957 03a0 59       		.byte	89
 958 03a1 04       		.byte	4
 959 03a2 5A       		.byte	90
 960 03a3 04       		.byte	4
 961 03a4 5B       		.byte	91
 962 03a5 04       		.byte	4
 963 03a6 5C       		.byte	92
 964 03a7 11       		.byte	17
 965 03a8 5D       		.byte	93
 966 03a9 11       		.byte	17
 967 03aa 5F       		.byte	95
 968 03ab 01       		.byte	1
 969 03ac 66       		.byte	102
ARM GAS  C:\Users\pedro\AppData\Local\Temp\cc3HTjVt.s 			page 18


 970 03ad C0       		.byte	-64
 971 03ae 6A       		.byte	106
 972 03af 40       		.byte	64
 973 03b0 6B       		.byte	107
 974 03b1 02       		.byte	2
 975 03b2 84       		.byte	-124
 976 03b3 01       		.byte	1
 977 03b4 88       		.byte	-120
 978 03b5 01       		.byte	1
 979 03b6 AC       		.byte	-84
 980 03b7 01       		.byte	1
 981 03b8 B0       		.byte	-80
 982 03b9 01       		.byte	1
 983 03ba D8       		.byte	-40
 984 03bb 04       		.byte	4
 985 03bc DC       		.byte	-36
 986 03bd 01       		.byte	1
 987 03be DF       		.byte	-33
 988 03bf 01       		.byte	1
 989 03c0 00       		.byte	0
 990 03c1 84       		.byte	-124
 991 03c2 01       		.byte	1
 992 03c3 01       		.byte	1
 993 03c4 02       		.byte	2
 994 03c5 0C       		.byte	12
 995 03c6 03       		.byte	3
 996 03c7 80       		.byte	-128
 997 03c8 07       		.byte	7
 998 03c9 14       		.byte	20
 999 03ca 08       		.byte	8
 1000 03cb 20       		.byte	32
 1001 03cc 09       		.byte	9
 1002 03cd 0A       		.byte	10
 1003 03ce 0A       		.byte	10
 1004 03cf 01       		.byte	1
 1005 03d0 0B       		.byte	11
 1006 03d1 02       		.byte	2
 1007 03d2 12       		.byte	18
 1008 03d3 01       		.byte	1
 1009 03d4 13       		.byte	19
 1010 03d5 16       		.byte	22
 1011 03d6 15       		.byte	21
 1012 03d7 40       		.byte	64
 1013 03d8 18       		.byte	24
 1014 03d9 04       		.byte	4
 1015 03da 19       		.byte	25
 1016 03db 14       		.byte	20
 1017 03dc 1A       		.byte	26
 1018 03dd 40       		.byte	64
 1019 03de 1B       		.byte	27
 1020 03df 80       		.byte	-128
 1021 03e0 1D       		.byte	29
 1022 03e1 02       		.byte	2
 1023 03e2 1F       		.byte	31
 1024 03e3 02       		.byte	2
 1025 03e4 22       		.byte	34
 1026 03e5 69       		.byte	105
ARM GAS  C:\Users\pedro\AppData\Local\Temp\cc3HTjVt.s 			page 19


 1027 03e6 23       		.byte	35
 1028 03e7 08       		.byte	8
 1029 03e8 29       		.byte	41
 1030 03e9 90       		.byte	-112
 1031 03ea 2A       		.byte	42
 1032 03eb 04       		.byte	4
 1033 03ec 2B       		.byte	43
 1034 03ed 80       		.byte	-128
 1035 03ee 30       		.byte	48
 1036 03ef 80       		.byte	-128
 1037 03f0 31       		.byte	49
 1038 03f1 08       		.byte	8
 1039 03f2 32       		.byte	50
 1040 03f3 10       		.byte	16
 1041 03f4 33       		.byte	51
 1042 03f5 02       		.byte	2
 1043 03f6 39       		.byte	57
 1044 03f7 22       		.byte	34
 1045 03f8 3B       		.byte	59
 1046 03f9 84       		.byte	-124
 1047 03fa 42       		.byte	66
 1048 03fb 02       		.byte	2
 1049 03fc 43       		.byte	67
 1050 03fd 28       		.byte	40
 1051 03fe 52       		.byte	82
 1052 03ff 90       		.byte	-112
 1053 0400 53       		.byte	83
 1054 0401 01       		.byte	1
 1055 0402 5A       		.byte	90
 1056 0403 40       		.byte	64
 1057 0404 69       		.byte	105
 1058 0405 40       		.byte	64
 1059 0406 6B       		.byte	107
 1060 0407 14       		.byte	20
 1061 0408 70       		.byte	112
 1062 0409 80       		.byte	-128
 1063 040a 71       		.byte	113
 1064 040b 08       		.byte	8
 1065 040c 73       		.byte	115
 1066 040d 06       		.byte	6
 1067 040e 8D       		.byte	-115
 1068 040f 80       		.byte	-128
 1069 0410 8E       		.byte	-114
 1070 0411 01       		.byte	1
 1071 0412 8F       		.byte	-113
 1072 0413 08       		.byte	8
 1073 0414 91       		.byte	-111
 1074 0415 22       		.byte	34
 1075 0416 92       		.byte	-110
 1076 0417 20       		.byte	32
 1077 0418 93       		.byte	-109
 1078 0419 90       		.byte	-112
 1079 041a 94       		.byte	-108
 1080 041b 04       		.byte	4
 1081 041c 95       		.byte	-107
 1082 041d 01       		.byte	1
 1083 041e 96       		.byte	-106
ARM GAS  C:\Users\pedro\AppData\Local\Temp\cc3HTjVt.s 			page 20


 1084 041f 83       		.byte	-125
 1085 0420 98       		.byte	-104
 1086 0421 20       		.byte	32
 1087 0422 9A       		.byte	-102
 1088 0423 02       		.byte	2
 1089 0424 9D       		.byte	-99
 1090 0425 04       		.byte	4
 1091 0426 9E       		.byte	-98
 1092 0427 10       		.byte	16
 1093 0428 9F       		.byte	-97
 1094 0429 14       		.byte	20
 1095 042a A0       		.byte	-96
 1096 042b 40       		.byte	64
 1097 042c A3       		.byte	-93
 1098 042d 28       		.byte	40
 1099 042e A6       		.byte	-90
 1100 042f A8       		.byte	-88
 1101 0430 A7       		.byte	-89
 1102 0431 02       		.byte	2
 1103 0432 A9       		.byte	-87
 1104 0433 10       		.byte	16
 1105 0434 AA       		.byte	-86
 1106 0435 80       		.byte	-128
 1107 0436 B4       		.byte	-76
 1108 0437 20       		.byte	32
 1109 0438 B6       		.byte	-74
 1110 0439 10       		.byte	16
 1111 043a C0       		.byte	-64
 1112 043b 6F       		.byte	111
 1113 043c C2       		.byte	-62
 1114 043d 0F       		.byte	15
 1115 043e C4       		.byte	-60
 1116 043f 8F       		.byte	-113
 1117 0440 CA       		.byte	-54
 1118 0441 0F       		.byte	15
 1119 0442 CC       		.byte	-52
 1120 0443 0F       		.byte	15
 1121 0444 CE       		.byte	-50
 1122 0445 0F       		.byte	15
 1123 0446 D0       		.byte	-48
 1124 0447 0E       		.byte	14
 1125 0448 D6       		.byte	-42
 1126 0449 08       		.byte	8
 1127 044a 32       		.byte	50
 1128 044b 20       		.byte	32
 1129 044c 33       		.byte	51
 1130 044d 01       		.byte	1
 1131 044e 37       		.byte	55
 1132 044f 20       		.byte	32
 1133 0450 87       		.byte	-121
 1134 0451 20       		.byte	32
 1135 0452 CC       		.byte	-52
 1136 0453 70       		.byte	112
 1137 0454 E2       		.byte	-30
 1138 0455 40       		.byte	64
 1139 0456 9F       		.byte	-97
 1140 0457 01       		.byte	1
ARM GAS  C:\Users\pedro\AppData\Local\Temp\cc3HTjVt.s 			page 21


 1141 0458 A6       		.byte	-90
 1142 0459 20       		.byte	32
 1143 045a 1F       		.byte	31
 1144 045b 02       		.byte	2
 1145 045c 5F       		.byte	95
 1146 045d 02       		.byte	2
 1147 045e 8F       		.byte	-113
 1148 045f 02       		.byte	2
 1149 0460 9B       		.byte	-101
 1150 0461 02       		.byte	2
 1151 0462 9F       		.byte	-97
 1152 0463 01       		.byte	1
 1153 0464 A6       		.byte	-90
 1154 0465 20       		.byte	32
 1155 0466 AB       		.byte	-85
 1156 0467 02       		.byte	2
 1157 0468 C6       		.byte	-58
 1158 0469 20       		.byte	32
 1159 046a D6       		.byte	-42
 1160 046b 80       		.byte	-128
 1161 046c EE       		.byte	-18
 1162 046d 80       		.byte	-128
 1163 046e 60       		.byte	96
 1164 046f 10       		.byte	16
 1165 0470 6B       		.byte	107
 1166 0471 80       		.byte	-128
 1167 0472 80       		.byte	-128
 1168 0473 10       		.byte	16
 1169 0474 83       		.byte	-125
 1170 0475 80       		.byte	-128
 1171 0476 86       		.byte	-122
 1172 0477 20       		.byte	32
 1173 0478 9F       		.byte	-97
 1174 0479 01       		.byte	1
 1175 047a A6       		.byte	-90
 1176 047b 20       		.byte	32
 1177 047c D8       		.byte	-40
 1178 047d 40       		.byte	64
 1179 047e DC       		.byte	-36
 1180 047f 20       		.byte	32
 1181 0480 E2       		.byte	-30
 1182 0481 80       		.byte	-128
 1183 0482 E6       		.byte	-26
 1184 0483 C0       		.byte	-64
 1185 0484 0B       		.byte	11
 1186 0485 80       		.byte	-128
 1187 0486 52       		.byte	82
 1188 0487 10       		.byte	16
 1189 0488 65       		.byte	101
 1190 0489 40       		.byte	64
 1191 048a 66       		.byte	102
 1192 048b 08       		.byte	8
 1193 048c C2       		.byte	-62
 1194 048d 08       		.byte	8
 1195 048e D4       		.byte	-44
 1196 048f 04       		.byte	4
 1197 0490 D6       		.byte	-42
ARM GAS  C:\Users\pedro\AppData\Local\Temp\cc3HTjVt.s 			page 22


 1198 0491 01       		.byte	1
 1199 0492 D8       		.byte	-40
 1200 0493 01       		.byte	1
 1201 0494 07       		.byte	7
 1202 0495 80       		.byte	-128
 1203 0496 56       		.byte	86
 1204 0497 80       		.byte	-128
 1205 0498 8E       		.byte	-114
 1206 0499 08       		.byte	8
 1207 049a 9D       		.byte	-99
 1208 049b 40       		.byte	64
 1209 049c 9E       		.byte	-98
 1210 049d 08       		.byte	8
 1211 049e AE       		.byte	-82
 1212 049f 10       		.byte	16
 1213 04a0 B3       		.byte	-77
 1214 04a1 40       		.byte	64
 1215 04a2 C0       		.byte	-64
 1216 04a3 04       		.byte	4
 1217 04a4 D4       		.byte	-44
 1218 04a5 02       		.byte	2
 1219 04a6 E0       		.byte	-32
 1220 04a7 08       		.byte	8
 1221 04a8 EE       		.byte	-18
 1222 04a9 01       		.byte	1
 1223 04aa 83       		.byte	-125
 1224 04ab 04       		.byte	4
 1225 04ac 85       		.byte	-123
 1226 04ad 40       		.byte	64
 1227 04ae 86       		.byte	-122
 1228 04af 01       		.byte	1
 1229 04b0 9B       		.byte	-101
 1230 04b1 80       		.byte	-128
 1231 04b2 9D       		.byte	-99
 1232 04b3 40       		.byte	64
 1233 04b4 AA       		.byte	-86
 1234 04b5 80       		.byte	-128
 1235 04b6 AF       		.byte	-81
 1236 04b7 01       		.byte	1
 1237 04b8 EA       		.byte	-22
 1238 04b9 40       		.byte	64
 1239 04ba 00       		.byte	0
 1240 04bb 40       		.byte	64
 1241 04bc 0A       		.byte	10
 1242 04bd 01       		.byte	1
 1243 04be 0F       		.byte	15
 1244 04bf 20       		.byte	32
 1245 04c0 63       		.byte	99
 1246 04c1 08       		.byte	8
 1247 04c2 80       		.byte	-128
 1248 04c3 80       		.byte	-128
 1249 04c4 96       		.byte	-106
 1250 04c5 01       		.byte	1
 1251 04c6 A3       		.byte	-93
 1252 04c7 04       		.byte	4
 1253 04c8 A7       		.byte	-89
 1254 04c9 10       		.byte	16
ARM GAS  C:\Users\pedro\AppData\Local\Temp\cc3HTjVt.s 			page 23


 1255 04ca AB       		.byte	-85
 1256 04cb 80       		.byte	-128
 1257 04cc B7       		.byte	-73
 1258 04cd 10       		.byte	16
 1259 04ce C0       		.byte	-64
 1260 04cf 02       		.byte	2
 1261 04d0 C2       		.byte	-62
 1262 04d1 06       		.byte	6
 1263 04d2 D8       		.byte	-40
 1264 04d3 02       		.byte	2
 1265 04d4 EA       		.byte	-22
 1266 04d5 08       		.byte	8
 1267 04d6 10       		.byte	16
 1268 04d7 80       		.byte	-128
 1269 04d8 A4       		.byte	-92
 1270 04d9 80       		.byte	-128
 1271 04da B4       		.byte	-76
 1272 04db 40       		.byte	64
 1273 04dc C4       		.byte	-60
 1274 04dd 08       		.byte	8
 1275 04de EA       		.byte	-22
 1276 04df 02       		.byte	2
 1277 04e0 00       		.byte	0
 1278 04e1 0E       		.byte	14
 1279 04e2 0C       		.byte	12
 1280 04e3 0E       		.byte	14
 1281 04e4 10       		.byte	16
 1282 04e5 02       		.byte	2
 1283 04e6 1C       		.byte	28
 1284 04e7 02       		.byte	2
 1285 04e8 00       		.byte	0
 1286 04e9 3F       		.byte	63
 1287 04ea 00       		.byte	0
 1288 04eb 00       		.byte	0
 1289 04ec 00       		.byte	0
 1290 04ed FF       		.byte	-1
 1291 04ee FF       		.byte	-1
 1292 04ef 00       		.byte	0
 1293 04f0 00       		.byte	0
 1294 04f1 00       		.byte	0
 1295 04f2 00       		.byte	0
 1296 04f3 00       		.byte	0
 1297 04f4 40       		.byte	64
 1298 04f5 40       		.byte	64
 1299 04f6 00       		.byte	0
 1300 04f7 00       		.byte	0
 1301 04f8 00       		.byte	0
 1302 04f9 00       		.byte	0
 1303 04fa 00       		.byte	0
 1304 04fb 00       		.byte	0
 1305 04fc 00       		.byte	0
 1306 04fd 00       		.byte	0
 1307 04fe A0       		.byte	-96
 1308 04ff 00       		.byte	0
 1309 0500 00       		.byte	0
 1310 0501 00       		.byte	0
 1311 0502 80       		.byte	-128
ARM GAS  C:\Users\pedro\AppData\Local\Temp\cc3HTjVt.s 			page 24


 1312 0503 00       		.byte	0
 1313 0504 00       		.byte	0
 1314 0505 00       		.byte	0
 1315 0506 00       		.byte	0
 1316 0507 00       		.byte	0
 1317 0508 64       		.byte	100
 1318 0509 9B       		.byte	-101
 1319 050a 9B       		.byte	-101
 1320 050b 00       		.byte	0
 1321 050c 80       		.byte	-128
 1322 050d 00       		.byte	0
 1323 050e 00       		.byte	0
 1324 050f 00       		.byte	0
 1325 0510 20       		.byte	32
 1326 0511 00       		.byte	0
 1327 0512 10       		.byte	16
 1328 0513 AC       		.byte	-84
 1329 0514 AC       		.byte	-84
 1330 0515 00       		.byte	0
 1331 0516 A4       		.byte	-92
 1332 0517 00       		.byte	0
 1333 0518 00       		.byte	0
 1334 0519 00       		.byte	0
 1335 051a 00       		.byte	0
 1336 051b 00       		.byte	0
 1337 051c 00       		.byte	0
 1338 051d 07       		.byte	7
 1339 051e 07       		.byte	7
 1340 051f 00       		.byte	0
 1341 0520 00       		.byte	0
 1342 0521 00       		.byte	0
 1343 0522 00       		.byte	0
 1344 0523 00       		.byte	0
 1345              		.section	.cywolatch,"a",%progbits
 1346              		.align	2
 1347              		.type	cy_meta_wonvl, %object
 1348              		.size	cy_meta_wonvl, 4
 1349              	cy_meta_wonvl:
 1350 0000 BC       		.byte	-68
 1351 0001 90       		.byte	-112
 1352 0002 AC       		.byte	-84
 1353 0003 AF       		.byte	-81
 1354              		.section	.cycustnvl,"a",%progbits
 1355              		.align	2
 1356              		.type	cy_meta_custnvl, %object
 1357              		.size	cy_meta_custnvl, 4
 1358              	cy_meta_custnvl:
 1359 0000 00       		.byte	0
 1360 0001 00       		.byte	0
 1361 0002 40       		.byte	64
 1362 0003 05       		.byte	5
 1363              		.section	.cymeta,"a",%progbits
 1364              		.align	2
 1365              		.type	cy_metadata, %object
 1366              		.size	cy_metadata, 12
 1367              	cy_metadata:
 1368 0000 00       		.byte	0
ARM GAS  C:\Users\pedro\AppData\Local\Temp\cc3HTjVt.s 			page 25


 1369 0001 01       		.byte	1
 1370 0002 2E       		.byte	46
 1371 0003 16       		.byte	22
 1372 0004 10       		.byte	16
 1373 0005 69       		.byte	105
 1374 0006 00       		.byte	0
 1375 0007 01       		.byte	1
 1376 0008 00       		.byte	0
 1377 0009 00       		.byte	0
 1378 000a 00       		.byte	0
 1379 000b 00       		.byte	0
 1380              		.section	.cyflashprotect,"a",%progbits
 1381              		.align	2
 1382              		.type	cy_meta_flashprotect, %object
 1383              		.size	cy_meta_flashprotect, 256
 1384              	cy_meta_flashprotect:
 1385 0000 00000000 		.space	256
 1385      00000000 
 1385      00000000 
 1385      00000000 
 1385      00000000 
 1386              		.text
 1387              	.Letext0:
 1388              		.file 1 "c:\\program files (x86)\\cypress\\psoc creator\\4.4\\psoc creator\\import\\gnu\\arm\\5.4.
 1389              		.file 2 "c:\\program files (x86)\\cypress\\psoc creator\\4.4\\psoc creator\\import\\gnu\\arm\\5.4.
 1390              		.file 3 "Generated_Source\\PSoC5\\cymetadata.c"
 1391              		.section	.debug_info,"",%progbits
 1392              	.Ldebug_info0:
 1393 0000 32010000 		.4byte	0x132
 1394 0004 0400     		.2byte	0x4
 1395 0006 00000000 		.4byte	.Ldebug_abbrev0
 1396 000a 04       		.byte	0x4
 1397 000b 01       		.uleb128 0x1
 1398 000c 24000000 		.4byte	.LASF17
 1399 0010 0C       		.byte	0xc
 1400 0011 C3010000 		.4byte	.LASF18
 1401 0015 B2000000 		.4byte	.LASF19
 1402 0019 00000000 		.4byte	.Ldebug_line0
 1403 001d 02       		.uleb128 0x2
 1404 001e 01       		.byte	0x1
 1405 001f 06       		.byte	0x6
 1406 0020 B7010000 		.4byte	.LASF0
 1407 0024 03       		.uleb128 0x3
 1408 0025 00000000 		.4byte	.LASF9
 1409 0029 01       		.byte	0x1
 1410 002a 1D       		.byte	0x1d
 1411 002b 2F000000 		.4byte	0x2f
 1412 002f 02       		.uleb128 0x2
 1413 0030 01       		.byte	0x1
 1414 0031 08       		.byte	0x8
 1415 0032 16000000 		.4byte	.LASF1
 1416 0036 02       		.uleb128 0x2
 1417 0037 02       		.byte	0x2
 1418 0038 05       		.byte	0x5
 1419 0039 A4010000 		.4byte	.LASF2
 1420 003d 02       		.uleb128 0x2
 1421 003e 02       		.byte	0x2
ARM GAS  C:\Users\pedro\AppData\Local\Temp\cc3HTjVt.s 			page 26


 1422 003f 07       		.byte	0x7
 1423 0040 09010000 		.4byte	.LASF3
 1424 0044 02       		.uleb128 0x2
 1425 0045 04       		.byte	0x4
 1426 0046 05       		.byte	0x5
 1427 0047 AE010000 		.4byte	.LASF4
 1428 004b 02       		.uleb128 0x2
 1429 004c 04       		.byte	0x4
 1430 004d 07       		.byte	0x7
 1431 004e F7000000 		.4byte	.LASF5
 1432 0052 02       		.uleb128 0x2
 1433 0053 08       		.byte	0x8
 1434 0054 05       		.byte	0x5
 1435 0055 96010000 		.4byte	.LASF6
 1436 0059 02       		.uleb128 0x2
 1437 005a 08       		.byte	0x8
 1438 005b 07       		.byte	0x7
 1439 005c 4B010000 		.4byte	.LASF7
 1440 0060 04       		.uleb128 0x4
 1441 0061 04       		.byte	0x4
 1442 0062 05       		.byte	0x5
 1443 0063 696E7400 		.ascii	"int\000"
 1444 0067 02       		.uleb128 0x2
 1445 0068 04       		.byte	0x4
 1446 0069 07       		.byte	0x7
 1447 006a 3E010000 		.4byte	.LASF8
 1448 006e 03       		.uleb128 0x3
 1449 006f 62010000 		.4byte	.LASF10
 1450 0073 02       		.byte	0x2
 1451 0074 18       		.byte	0x18
 1452 0075 24000000 		.4byte	0x24
 1453 0079 05       		.uleb128 0x5
 1454 007a 91000000 		.4byte	0x91
 1455 007e 8A000000 		.4byte	0x8a
 1456 0082 06       		.uleb128 0x6
 1457 0083 8A000000 		.4byte	0x8a
 1458 0087 2305     		.2byte	0x523
 1459 0089 00       		.byte	0
 1460 008a 02       		.uleb128 0x2
 1461 008b 04       		.byte	0x4
 1462 008c 07       		.byte	0x7
 1463 008d 8D010000 		.4byte	.LASF11
 1464 0091 07       		.uleb128 0x7
 1465 0092 6E000000 		.4byte	0x6e
 1466 0096 08       		.uleb128 0x8
 1467 0097 2C010000 		.4byte	.LASF12
 1468 009b 03       		.byte	0x3
 1469 009c 1F       		.byte	0x1f
 1470 009d A7000000 		.4byte	0xa7
 1471 00a1 05       		.uleb128 0x5
 1472 00a2 03       		.byte	0x3
 1473 00a3 00000000 		.4byte	cy_meta_configecc
 1474 00a7 07       		.uleb128 0x7
 1475 00a8 79000000 		.4byte	0x79
 1476 00ac 05       		.uleb128 0x5
 1477 00ad 91000000 		.4byte	0x91
 1478 00b1 BC000000 		.4byte	0xbc
ARM GAS  C:\Users\pedro\AppData\Local\Temp\cc3HTjVt.s 			page 27


 1479 00b5 09       		.uleb128 0x9
 1480 00b6 8A000000 		.4byte	0x8a
 1481 00ba 03       		.byte	0x3
 1482 00bb 00       		.byte	0
 1483 00bc 08       		.uleb128 0x8
 1484 00bd 1C010000 		.4byte	.LASF13
 1485 00c1 03       		.byte	0x3
 1486 00c2 D1       		.byte	0xd1
 1487 00c3 CD000000 		.4byte	0xcd
 1488 00c7 05       		.uleb128 0x5
 1489 00c8 03       		.byte	0x3
 1490 00c9 00000000 		.4byte	cy_meta_custnvl
 1491 00cd 07       		.uleb128 0x7
 1492 00ce AC000000 		.4byte	0xac
 1493 00d2 08       		.uleb128 0x8
 1494 00d3 7F010000 		.4byte	.LASF14
 1495 00d7 03       		.byte	0x3
 1496 00d8 DF       		.byte	0xdf
 1497 00d9 E3000000 		.4byte	0xe3
 1498 00dd 05       		.uleb128 0x5
 1499 00de 03       		.byte	0x3
 1500 00df 00000000 		.4byte	cy_meta_wonvl
 1501 00e3 07       		.uleb128 0x7
 1502 00e4 AC000000 		.4byte	0xac
 1503 00e8 05       		.uleb128 0x5
 1504 00e9 91000000 		.4byte	0x91
 1505 00ed F8000000 		.4byte	0xf8
 1506 00f1 09       		.uleb128 0x9
 1507 00f2 8A000000 		.4byte	0x8a
 1508 00f6 FF       		.byte	0xff
 1509 00f7 00       		.byte	0
 1510 00f8 08       		.uleb128 0x8
 1511 00f9 6A010000 		.4byte	.LASF15
 1512 00fd 03       		.byte	0x3
 1513 00fe ED       		.byte	0xed
 1514 00ff 09010000 		.4byte	0x109
 1515 0103 05       		.uleb128 0x5
 1516 0104 03       		.byte	0x3
 1517 0105 00000000 		.4byte	cy_meta_flashprotect
 1518 0109 07       		.uleb128 0x7
 1519 010a E8000000 		.4byte	0xe8
 1520 010e 05       		.uleb128 0x5
 1521 010f 91000000 		.4byte	0x91
 1522 0113 1E010000 		.4byte	0x11e
 1523 0117 09       		.uleb128 0x9
 1524 0118 8A000000 		.4byte	0x8a
 1525 011c 0B       		.byte	0xb
 1526 011d 00       		.byte	0
 1527 011e 0A       		.uleb128 0xa
 1528 011f 0A000000 		.4byte	.LASF16
 1529 0123 03       		.byte	0x3
 1530 0124 1A01     		.2byte	0x11a
 1531 0126 30010000 		.4byte	0x130
 1532 012a 05       		.uleb128 0x5
 1533 012b 03       		.byte	0x3
 1534 012c 00000000 		.4byte	cy_metadata
 1535 0130 07       		.uleb128 0x7
ARM GAS  C:\Users\pedro\AppData\Local\Temp\cc3HTjVt.s 			page 28


 1536 0131 0E010000 		.4byte	0x10e
 1537 0135 00       		.byte	0
 1538              		.section	.debug_abbrev,"",%progbits
 1539              	.Ldebug_abbrev0:
 1540 0000 01       		.uleb128 0x1
 1541 0001 11       		.uleb128 0x11
 1542 0002 01       		.byte	0x1
 1543 0003 25       		.uleb128 0x25
 1544 0004 0E       		.uleb128 0xe
 1545 0005 13       		.uleb128 0x13
 1546 0006 0B       		.uleb128 0xb
 1547 0007 03       		.uleb128 0x3
 1548 0008 0E       		.uleb128 0xe
 1549 0009 1B       		.uleb128 0x1b
 1550 000a 0E       		.uleb128 0xe
 1551 000b 10       		.uleb128 0x10
 1552 000c 17       		.uleb128 0x17
 1553 000d 00       		.byte	0
 1554 000e 00       		.byte	0
 1555 000f 02       		.uleb128 0x2
 1556 0010 24       		.uleb128 0x24
 1557 0011 00       		.byte	0
 1558 0012 0B       		.uleb128 0xb
 1559 0013 0B       		.uleb128 0xb
 1560 0014 3E       		.uleb128 0x3e
 1561 0015 0B       		.uleb128 0xb
 1562 0016 03       		.uleb128 0x3
 1563 0017 0E       		.uleb128 0xe
 1564 0018 00       		.byte	0
 1565 0019 00       		.byte	0
 1566 001a 03       		.uleb128 0x3
 1567 001b 16       		.uleb128 0x16
 1568 001c 00       		.byte	0
 1569 001d 03       		.uleb128 0x3
 1570 001e 0E       		.uleb128 0xe
 1571 001f 3A       		.uleb128 0x3a
 1572 0020 0B       		.uleb128 0xb
 1573 0021 3B       		.uleb128 0x3b
 1574 0022 0B       		.uleb128 0xb
 1575 0023 49       		.uleb128 0x49
 1576 0024 13       		.uleb128 0x13
 1577 0025 00       		.byte	0
 1578 0026 00       		.byte	0
 1579 0027 04       		.uleb128 0x4
 1580 0028 24       		.uleb128 0x24
 1581 0029 00       		.byte	0
 1582 002a 0B       		.uleb128 0xb
 1583 002b 0B       		.uleb128 0xb
 1584 002c 3E       		.uleb128 0x3e
 1585 002d 0B       		.uleb128 0xb
 1586 002e 03       		.uleb128 0x3
 1587 002f 08       		.uleb128 0x8
 1588 0030 00       		.byte	0
 1589 0031 00       		.byte	0
 1590 0032 05       		.uleb128 0x5
 1591 0033 01       		.uleb128 0x1
 1592 0034 01       		.byte	0x1
ARM GAS  C:\Users\pedro\AppData\Local\Temp\cc3HTjVt.s 			page 29


 1593 0035 49       		.uleb128 0x49
 1594 0036 13       		.uleb128 0x13
 1595 0037 01       		.uleb128 0x1
 1596 0038 13       		.uleb128 0x13
 1597 0039 00       		.byte	0
 1598 003a 00       		.byte	0
 1599 003b 06       		.uleb128 0x6
 1600 003c 21       		.uleb128 0x21
 1601 003d 00       		.byte	0
 1602 003e 49       		.uleb128 0x49
 1603 003f 13       		.uleb128 0x13
 1604 0040 2F       		.uleb128 0x2f
 1605 0041 05       		.uleb128 0x5
 1606 0042 00       		.byte	0
 1607 0043 00       		.byte	0
 1608 0044 07       		.uleb128 0x7
 1609 0045 26       		.uleb128 0x26
 1610 0046 00       		.byte	0
 1611 0047 49       		.uleb128 0x49
 1612 0048 13       		.uleb128 0x13
 1613 0049 00       		.byte	0
 1614 004a 00       		.byte	0
 1615 004b 08       		.uleb128 0x8
 1616 004c 34       		.uleb128 0x34
 1617 004d 00       		.byte	0
 1618 004e 03       		.uleb128 0x3
 1619 004f 0E       		.uleb128 0xe
 1620 0050 3A       		.uleb128 0x3a
 1621 0051 0B       		.uleb128 0xb
 1622 0052 3B       		.uleb128 0x3b
 1623 0053 0B       		.uleb128 0xb
 1624 0054 49       		.uleb128 0x49
 1625 0055 13       		.uleb128 0x13
 1626 0056 3F       		.uleb128 0x3f
 1627 0057 19       		.uleb128 0x19
 1628 0058 02       		.uleb128 0x2
 1629 0059 18       		.uleb128 0x18
 1630 005a 00       		.byte	0
 1631 005b 00       		.byte	0
 1632 005c 09       		.uleb128 0x9
 1633 005d 21       		.uleb128 0x21
 1634 005e 00       		.byte	0
 1635 005f 49       		.uleb128 0x49
 1636 0060 13       		.uleb128 0x13
 1637 0061 2F       		.uleb128 0x2f
 1638 0062 0B       		.uleb128 0xb
 1639 0063 00       		.byte	0
 1640 0064 00       		.byte	0
 1641 0065 0A       		.uleb128 0xa
 1642 0066 34       		.uleb128 0x34
 1643 0067 00       		.byte	0
 1644 0068 03       		.uleb128 0x3
 1645 0069 0E       		.uleb128 0xe
 1646 006a 3A       		.uleb128 0x3a
 1647 006b 0B       		.uleb128 0xb
 1648 006c 3B       		.uleb128 0x3b
 1649 006d 05       		.uleb128 0x5
ARM GAS  C:\Users\pedro\AppData\Local\Temp\cc3HTjVt.s 			page 30


 1650 006e 49       		.uleb128 0x49
 1651 006f 13       		.uleb128 0x13
 1652 0070 3F       		.uleb128 0x3f
 1653 0071 19       		.uleb128 0x19
 1654 0072 02       		.uleb128 0x2
 1655 0073 18       		.uleb128 0x18
 1656 0074 00       		.byte	0
 1657 0075 00       		.byte	0
 1658 0076 00       		.byte	0
 1659              		.section	.debug_aranges,"",%progbits
 1660 0000 14000000 		.4byte	0x14
 1661 0004 0200     		.2byte	0x2
 1662 0006 00000000 		.4byte	.Ldebug_info0
 1663 000a 04       		.byte	0x4
 1664 000b 00       		.byte	0
 1665 000c 0000     		.2byte	0
 1666 000e 0000     		.2byte	0
 1667 0010 00000000 		.4byte	0
 1668 0014 00000000 		.4byte	0
 1669              		.section	.debug_line,"",%progbits
 1670              	.Ldebug_line0:
 1671 0000 3D010000 		.section	.debug_str,"MS",%progbits,1
 1671      02003701 
 1671      00000201 
 1671      FB0E0D00 
 1671      01010101 
 1672              	.LASF9:
 1673 0000 5F5F7569 		.ascii	"__uint8_t\000"
 1673      6E74385F 
 1673      7400
 1674              	.LASF16:
 1675 000a 63795F6D 		.ascii	"cy_metadata\000"
 1675      65746164 
 1675      61746100 
 1676              	.LASF1:
 1677 0016 756E7369 		.ascii	"unsigned char\000"
 1677      676E6564 
 1677      20636861 
 1677      7200
 1678              	.LASF17:
 1679 0024 474E5520 		.ascii	"GNU C11 5.4.1 20160609 (release) [ARM/embedded-5-br"
 1679      43313120 
 1679      352E342E 
 1679      31203230 
 1679      31363036 
 1680 0057 616E6368 		.ascii	"anch revision 237715] -mcpu=cortex-m3 -mthumb -g -O"
 1680      20726576 
 1680      6973696F 
 1680      6E203233 
 1680      37373135 
 1681 008a 67202D66 		.ascii	"g -ffunction-sections -ffat-lto-objects\000"
 1681      66756E63 
 1681      74696F6E 
 1681      2D736563 
 1681      74696F6E 
 1682              	.LASF19:
 1683 00b2 433A5C55 		.ascii	"C:\\Users\\pedro\\Documents\\Embebidos\\ISEP6-Vivia"
ARM GAS  C:\Users\pedro\AppData\Local\Temp\cc3HTjVt.s 			page 31


 1683      73657273 
 1683      5C706564 
 1683      726F5C44 
 1683      6F63756D 
 1684 00e0 6E615C49 		.ascii	"na\\ISEP6-Viviana.cydsn\000"
 1684      53455036 
 1684      2D566976 
 1684      69616E61 
 1684      2E637964 
 1685              	.LASF5:
 1686 00f7 6C6F6E67 		.ascii	"long unsigned int\000"
 1686      20756E73 
 1686      69676E65 
 1686      6420696E 
 1686      7400
 1687              	.LASF3:
 1688 0109 73686F72 		.ascii	"short unsigned int\000"
 1688      7420756E 
 1688      7369676E 
 1688      65642069 
 1688      6E7400
 1689              	.LASF13:
 1690 011c 63795F6D 		.ascii	"cy_meta_custnvl\000"
 1690      6574615F 
 1690      63757374 
 1690      6E766C00 
 1691              	.LASF12:
 1692 012c 63795F6D 		.ascii	"cy_meta_configecc\000"
 1692      6574615F 
 1692      636F6E66 
 1692      69676563 
 1692      6300
 1693              	.LASF8:
 1694 013e 756E7369 		.ascii	"unsigned int\000"
 1694      676E6564 
 1694      20696E74 
 1694      00
 1695              	.LASF7:
 1696 014b 6C6F6E67 		.ascii	"long long unsigned int\000"
 1696      206C6F6E 
 1696      6720756E 
 1696      7369676E 
 1696      65642069 
 1697              	.LASF10:
 1698 0162 75696E74 		.ascii	"uint8_t\000"
 1698      385F7400 
 1699              	.LASF15:
 1700 016a 63795F6D 		.ascii	"cy_meta_flashprotect\000"
 1700      6574615F 
 1700      666C6173 
 1700      6870726F 
 1700      74656374 
 1701              	.LASF14:
 1702 017f 63795F6D 		.ascii	"cy_meta_wonvl\000"
 1702      6574615F 
 1702      776F6E76 
 1702      6C00
ARM GAS  C:\Users\pedro\AppData\Local\Temp\cc3HTjVt.s 			page 32


 1703              	.LASF11:
 1704 018d 73697A65 		.ascii	"sizetype\000"
 1704      74797065 
 1704      00
 1705              	.LASF6:
 1706 0196 6C6F6E67 		.ascii	"long long int\000"
 1706      206C6F6E 
 1706      6720696E 
 1706      7400
 1707              	.LASF2:
 1708 01a4 73686F72 		.ascii	"short int\000"
 1708      7420696E 
 1708      7400
 1709              	.LASF4:
 1710 01ae 6C6F6E67 		.ascii	"long int\000"
 1710      20696E74 
 1710      00
 1711              	.LASF0:
 1712 01b7 7369676E 		.ascii	"signed char\000"
 1712      65642063 
 1712      68617200 
 1713              	.LASF18:
 1714 01c3 47656E65 		.ascii	"Generated_Source\\PSoC5\\cymetadata.c\000"
 1714      72617465 
 1714      645F536F 
 1714      75726365 
 1714      5C50536F 
 1715              		.ident	"GCC: (GNU Tools for ARM Embedded Processors) 5.4.1 20160609 (release) [ARM/embedded-5-bran
