ARM GAS  C:\Users\pedro\AppData\Local\Temp\ccW7ei8s.s 			page 1


   1              		.syntax unified
   2              		.cpu cortex-m3
   3              		.fpu softvfp
   4              		.eabi_attribute 20, 1
   5              		.eabi_attribute 21, 1
   6              		.eabi_attribute 23, 3
   7              		.eabi_attribute 24, 1
   8              		.eabi_attribute 25, 1
   9              		.eabi_attribute 26, 1
  10              		.eabi_attribute 30, 1
  11              		.eabi_attribute 34, 1
  12              		.eabi_attribute 18, 4
  13              		.thumb
  14              		.syntax unified
  15              		.file	"main.c"
  16              		.text
  17              	.Ltext0:
  18              		.cfi_sections	.debug_frame
  19              		.section	.text.Perror,"ax",%progbits
  20              		.align	2
  21              		.global	Perror
  22              		.thumb
  23              		.thumb_func
  24              		.type	Perror, %function
  25              	Perror:
  26              	.LFB67:
  27              		.file 1 "main.c"
   1:main.c        **** /* ========================================
   2:main.c        ****  *
   3:main.c        ****  * Copyright YOUR COMPANY, THE YEAR
   4:main.c        ****  * All Rights Reserved
   5:main.c        ****  * UNPUBLISHED, LICENSED SOFTWARE.
   6:main.c        ****  *
   7:main.c        ****  * CONFIDENTIAL AND PROPRIETARY INFORMATION
   8:main.c        ****  * WHICH IS THE PROPERTY OF your company.
   9:main.c        ****  *
  10:main.c        ****  * ========================================
  11:main.c        **** */
  12:main.c        **** #include "project.h"
  13:main.c        **** 
  14:main.c        **** volatile uint8 FlagError = 0;
  15:main.c        **** volatile uint8 tipo;
  16:main.c        **** volatile uint8 data;
  17:main.c        **** volatile uint8 habilitador_triger;
  18:main.c        **** volatile int distancias[] = {1,1,1,1};
  19:main.c        **** const uint8 digitPatterns[] = {
  20:main.c        ****     0b0111111,  // 0
  21:main.c        ****     0b0000110,  // 1
  22:main.c        ****     0b1011011,  // 2
  23:main.c        ****     0b1001111,  // 3
  24:main.c        ****     0b1100110,  // 4
  25:main.c        ****     0b1101101,  // 5
  26:main.c        ****     0b1111101,  // 6
  27:main.c        ****     0b0000111,  // 7
  28:main.c        ****     0b1111111,  // 8
  29:main.c        ****     0b1101111   // 9
  30:main.c        **** };
ARM GAS  C:\Users\pedro\AppData\Local\Temp\ccW7ei8s.s 			page 2


  31:main.c        **** 
  32:main.c        **** void displayCharacter(uint8 digit) {
  33:main.c        ****    Segmento_Write(digitPatterns[digit]);
  34:main.c        **** }
  35:main.c        **** 
  36:main.c        **** 
  37:main.c        **** 
  38:main.c        **** uint8 procesarDistancias() {
  39:main.c        ****     
  40:main.c        ****     uint8 resultado = 0b00000000;
  41:main.c        ****     int numElementos = 4;
  42:main.c        ****     for (int i = 0; i < numElementos; ++i) {
  43:main.c        ****         // Establecer el bit correspondiente según el valor de distancias[i]
  44:main.c        ****         resultado |= (distancias[i] << i);
  45:main.c        ****     }
  46:main.c        ****     return resultado;
  47:main.c        **** }
  48:main.c        **** 
  49:main.c        **** 
  50:main.c        **** 
  51:main.c        **** void enviarDatos(uint8 tipo, uint8 data)
  52:main.c        **** {
  53:main.c        ****     // Combina el tipo (4 bits más significativos) y la data (4 bits menos significativos)
  54:main.c        ****     uint8 datoAEnviar = ((tipo & 0x0F) << 4) | (data & 0x0F);
  55:main.c        **** 
  56:main.c        ****     // Espera hasta que el buffer de transmisión esté listo
  57:main.c        ****     while (UART_Atmega_ReadTxStatus() & UART_Atmega_TX_STS_FIFO_FULL);
  58:main.c        **** 
  59:main.c        ****     // Envía el byte a través de la UART
  60:main.c        ****     UART_Atmega_WriteTxData(datoAEnviar);
  61:main.c        **** 
  62:main.c        ****     // Espera a que se complete la transmisión
  63:main.c        ****     while (!(UART_Atmega_ReadTxStatus() & UART_Atmega_TX_STS_COMPLETE));
  64:main.c        **** }
  65:main.c        **** 
  66:main.c        **** CY_ISR_PROTO(Perror);
  67:main.c        **** CY_ISR_PROTO(UART_RX_ISR);
  68:main.c        **** 
  69:main.c        **** int main(void)
  70:main.c        **** {
  71:main.c        ****     CyGlobalIntEnable; /* Enable global interrupts. */
  72:main.c        ****     UART_Atmega_Start();
  73:main.c        ****     irq_P_StartEx(Perror);
  74:main.c        ****     /* Place your initialization/startup code here (e.g. MyInst_Start()) */
  75:main.c        ****     uint8_t lectura_sensor=0b0000;
  76:main.c        ****     uint8_t modo = 0b0000;
  77:main.c        ****     for(;;)
  78:main.c        ****     {
  79:main.c        ****         if(FlagError ==1){
  80:main.c        ****             enviarDatos(0b01100000, 0b0001000);
  81:main.c        ****             V1_Write(0);
  82:main.c        ****             V2_Write(0);
  83:main.c        ****         }
  84:main.c        ****         else{
  85:main.c        ****             enviarDatos(0b00110000, procesarDistancias());
  86:main.c        ****             
  87:main.c        ****             // Leer la variable tipo y realizar acciones basadas en su valor
ARM GAS  C:\Users\pedro\AppData\Local\Temp\ccW7ei8s.s 			page 3


  88:main.c        ****             if (tipo == 0b0011) {
  89:main.c        ****                 // Guardar el bit(2) de data en la variable lectura_sensor
  90:main.c        ****                 lectura_sensor = (data >> 2) & 0x01;
  91:main.c        ****                 // Realizar acciones con lectura_sensor si es necesario
  92:main.c        ****             }
  93:main.c        ****             
  94:main.c        ****             // Leer la variable tipo y realizar acciones basadas en su valor
  95:main.c        ****             if (tipo == 0b0110) {
  96:main.c        ****                 // Guardar el valor de data en la variable modo
  97:main.c        ****                 modo = data;
  98:main.c        ****                 // Realizar acciones con modo si es necesario
  99:main.c        ****             }
 100:main.c        ****             
 101:main.c        ****             if (modo == 0b0100) {
 102:main.c        ****                     // Leer la variable lectura_sensor y realizar acciones adicionales si es necesa
 103:main.c        ****                     if (lectura_sensor == 0b0100) {
 104:main.c        ****                         // Activar los pines v1 y v2
 105:main.c        ****                         V1_Write(1);
 106:main.c        ****                         V2_Write(1);
 107:main.c        ****                     }else{
 108:main.c        ****                         V1_Write(0);
 109:main.c        ****                         V2_Write(0);
 110:main.c        ****                     }
 111:main.c        ****             }
 112:main.c        ****             
 113:main.c        ****         }
 114:main.c        ****         
 115:main.c        ****         
 116:main.c        ****         
 117:main.c        ****     }
 118:main.c        **** }
 119:main.c        **** 
 120:main.c        **** 
 121:main.c        **** CY_ISR(Perror){
  28              		.loc 1 121 0
  29              		.cfi_startproc
  30              		@ args = 0, pretend = 0, frame = 0
  31              		@ frame_needed = 0, uses_anonymous_args = 0
  32              		@ link register save eliminated.
 122:main.c        ****     FlagError=1;
  33              		.loc 1 122 0
  34 0000 0122     		movs	r2, #1
  35 0002 014B     		ldr	r3, .L2
  36 0004 1A70     		strb	r2, [r3]
  37 0006 7047     		bx	lr
  38              	.L3:
  39              		.align	2
  40              	.L2:
  41 0008 00000000 		.word	.LANCHOR0
  42              		.cfi_endproc
  43              	.LFE67:
  44              		.size	Perror, .-Perror
  45              		.section	.text.displayCharacter,"ax",%progbits
  46              		.align	2
  47              		.global	displayCharacter
  48              		.thumb
  49              		.thumb_func
ARM GAS  C:\Users\pedro\AppData\Local\Temp\ccW7ei8s.s 			page 4


  50              		.type	displayCharacter, %function
  51              	displayCharacter:
  52              	.LFB63:
  32:main.c        ****    Segmento_Write(digitPatterns[digit]);
  53              		.loc 1 32 0
  54              		.cfi_startproc
  55              		@ args = 0, pretend = 0, frame = 0
  56              		@ frame_needed = 0, uses_anonymous_args = 0
  57              	.LVL0:
  58 0000 08B5     		push	{r3, lr}
  59              		.cfi_def_cfa_offset 8
  60              		.cfi_offset 3, -8
  61              		.cfi_offset 14, -4
  33:main.c        **** }
  62              		.loc 1 33 0
  63 0002 024B     		ldr	r3, .L6
  64 0004 185C     		ldrb	r0, [r3, r0]	@ zero_extendqisi2
  65              	.LVL1:
  66 0006 FFF7FEFF 		bl	Segmento_Write
  67              	.LVL2:
  68 000a 08BD     		pop	{r3, pc}
  69              	.L7:
  70              		.align	2
  71              	.L6:
  72 000c 00000000 		.word	.LANCHOR1
  73              		.cfi_endproc
  74              	.LFE63:
  75              		.size	displayCharacter, .-displayCharacter
  76              		.section	.text.procesarDistancias,"ax",%progbits
  77              		.align	2
  78              		.global	procesarDistancias
  79              		.thumb
  80              		.thumb_func
  81              		.type	procesarDistancias, %function
  82              	procesarDistancias:
  83              	.LFB64:
  38:main.c        ****     
  84              		.loc 1 38 0
  85              		.cfi_startproc
  86              		@ args = 0, pretend = 0, frame = 0
  87              		@ frame_needed = 0, uses_anonymous_args = 0
  88              		@ link register save eliminated.
  89              	.LVL3:
  90              	.LBB2:
  42:main.c        ****         // Establecer el bit correspondiente según el valor de distancias[i]
  91              		.loc 1 42 0
  92 0000 0023     		movs	r3, #0
  93              	.LBE2:
  40:main.c        ****     int numElementos = 4;
  94              		.loc 1 40 0
  95 0002 1846     		mov	r0, r3
  96              	.LBB3:
  42:main.c        ****         // Establecer el bit correspondiente según el valor de distancias[i]
  97              		.loc 1 42 0
  98 0004 06E0     		b	.L9
  99              	.LVL4:
 100              	.L10:
ARM GAS  C:\Users\pedro\AppData\Local\Temp\ccW7ei8s.s 			page 5


  44:main.c        ****     }
 101              		.loc 1 44 0 discriminator 3
 102 0006 054A     		ldr	r2, .L11
 103 0008 52F82320 		ldr	r2, [r2, r3, lsl #2]
 104 000c 9A40     		lsls	r2, r2, r3
 105 000e 1043     		orrs	r0, r0, r2
 106              	.LVL5:
 107 0010 C0B2     		uxtb	r0, r0
 108              	.LVL6:
  42:main.c        ****         // Establecer el bit correspondiente según el valor de distancias[i]
 109              		.loc 1 42 0 discriminator 3
 110 0012 0133     		adds	r3, r3, #1
 111              	.LVL7:
 112              	.L9:
  42:main.c        ****         // Establecer el bit correspondiente según el valor de distancias[i]
 113              		.loc 1 42 0 is_stmt 0 discriminator 1
 114 0014 032B     		cmp	r3, #3
 115 0016 F6DD     		ble	.L10
 116              	.LBE3:
  47:main.c        **** 
 117              		.loc 1 47 0 is_stmt 1
 118 0018 7047     		bx	lr
 119              	.L12:
 120 001a 00BF     		.align	2
 121              	.L11:
 122 001c 00000000 		.word	.LANCHOR2
 123              		.cfi_endproc
 124              	.LFE64:
 125              		.size	procesarDistancias, .-procesarDistancias
 126              		.section	.text.enviarDatos,"ax",%progbits
 127              		.align	2
 128              		.global	enviarDatos
 129              		.thumb
 130              		.thumb_func
 131              		.type	enviarDatos, %function
 132              	enviarDatos:
 133              	.LFB65:
  52:main.c        ****     // Combina el tipo (4 bits más significativos) y la data (4 bits menos significativos)
 134              		.loc 1 52 0
 135              		.cfi_startproc
 136              		@ args = 0, pretend = 0, frame = 0
 137              		@ frame_needed = 0, uses_anonymous_args = 0
 138              	.LVL8:
 139 0000 10B5     		push	{r4, lr}
 140              		.cfi_def_cfa_offset 8
 141              		.cfi_offset 4, -8
 142              		.cfi_offset 14, -4
  54:main.c        **** 
 143              		.loc 1 54 0
 144 0002 01F00F01 		and	r1, r1, #15
 145              	.LVL9:
 146 0006 41EA0010 		orr	r0, r1, r0, lsl #4
 147              	.LVL10:
 148 000a C4B2     		uxtb	r4, r0
 149              	.LVL11:
 150              	.L14:
  57:main.c        **** 
ARM GAS  C:\Users\pedro\AppData\Local\Temp\ccW7ei8s.s 			page 6


 151              		.loc 1 57 0 discriminator 1
 152 000c FFF7FEFF 		bl	UART_Atmega_ReadTxStatus
 153              	.LVL12:
 154 0010 10F0040F 		tst	r0, #4
 155 0014 FAD1     		bne	.L14
  60:main.c        **** 
 156              		.loc 1 60 0
 157 0016 2046     		mov	r0, r4
 158 0018 FFF7FEFF 		bl	UART_Atmega_WriteTxData
 159              	.LVL13:
 160              	.L15:
  63:main.c        **** }
 161              		.loc 1 63 0 discriminator 1
 162 001c FFF7FEFF 		bl	UART_Atmega_ReadTxStatus
 163              	.LVL14:
 164 0020 10F0010F 		tst	r0, #1
 165 0024 FAD0     		beq	.L15
  64:main.c        **** 
 166              		.loc 1 64 0
 167 0026 10BD     		pop	{r4, pc}
 168              		.cfi_endproc
 169              	.LFE65:
 170              		.size	enviarDatos, .-enviarDatos
 171              		.section	.text.main,"ax",%progbits
 172              		.align	2
 173              		.global	main
 174              		.thumb
 175              		.thumb_func
 176              		.type	main, %function
 177              	main:
 178              	.LFB66:
  70:main.c        ****     CyGlobalIntEnable; /* Enable global interrupts. */
 179              		.loc 1 70 0
 180              		.cfi_startproc
 181              		@ args = 0, pretend = 0, frame = 0
 182              		@ frame_needed = 0, uses_anonymous_args = 0
 183 0000 10B5     		push	{r4, lr}
 184              		.cfi_def_cfa_offset 8
 185              		.cfi_offset 4, -8
 186              		.cfi_offset 14, -4
  71:main.c        ****     UART_Atmega_Start();
 187              		.loc 1 71 0
 188              		.syntax unified
 189              	@ 71 "main.c" 1
 190 0002 62B6     		CPSIE   i
 191              	@ 0 "" 2
  72:main.c        ****     irq_P_StartEx(Perror);
 192              		.loc 1 72 0
 193              		.thumb
 194              		.syntax unified
 195 0004 FFF7FEFF 		bl	UART_Atmega_Start
 196              	.LVL15:
  73:main.c        ****     /* Place your initialization/startup code here (e.g. MyInst_Start()) */
 197              		.loc 1 73 0
 198 0008 1848     		ldr	r0, .L25
 199 000a FFF7FEFF 		bl	irq_P_StartEx
 200              	.LVL16:
ARM GAS  C:\Users\pedro\AppData\Local\Temp\ccW7ei8s.s 			page 7


  76:main.c        ****     for(;;)
 201              		.loc 1 76 0
 202 000e 0024     		movs	r4, #0
 203              	.LVL17:
 204              	.L18:
  79:main.c        ****             enviarDatos(0b01100000, 0b0001000);
 205              		.loc 1 79 0
 206 0010 174B     		ldr	r3, .L25+4
 207 0012 1B78     		ldrb	r3, [r3]	@ zero_extendqisi2
 208 0014 DBB2     		uxtb	r3, r3
 209 0016 012B     		cmp	r3, #1
 210 0018 0AD1     		bne	.L19
  80:main.c        ****             V1_Write(0);
 211              		.loc 1 80 0
 212 001a 0821     		movs	r1, #8
 213 001c 6020     		movs	r0, #96
 214 001e FFF7FEFF 		bl	enviarDatos
 215              	.LVL18:
  81:main.c        ****             V2_Write(0);
 216              		.loc 1 81 0
 217 0022 0020     		movs	r0, #0
 218 0024 FFF7FEFF 		bl	V1_Write
 219              	.LVL19:
  82:main.c        ****         }
 220              		.loc 1 82 0
 221 0028 0020     		movs	r0, #0
 222 002a FFF7FEFF 		bl	V2_Write
 223              	.LVL20:
 224 002e EFE7     		b	.L18
 225              	.L19:
  85:main.c        ****             
 226              		.loc 1 85 0
 227 0030 FFF7FEFF 		bl	procesarDistancias
 228              	.LVL21:
 229 0034 0146     		mov	r1, r0
 230 0036 3020     		movs	r0, #48
 231 0038 FFF7FEFF 		bl	enviarDatos
 232              	.LVL22:
  88:main.c        ****                 // Guardar el bit(2) de data en la variable lectura_sensor
 233              		.loc 1 88 0
 234 003c 0D4B     		ldr	r3, .L25+8
 235 003e 1B78     		ldrb	r3, [r3]	@ zero_extendqisi2
 236 0040 DBB2     		uxtb	r3, r3
 237 0042 032B     		cmp	r3, #3
 238 0044 01D1     		bne	.L21
  90:main.c        ****                 // Realizar acciones con lectura_sensor si es necesario
 239              		.loc 1 90 0
 240 0046 0C4B     		ldr	r3, .L25+12
 241 0048 1B78     		ldrb	r3, [r3]	@ zero_extendqisi2
 242              	.L21:
  95:main.c        ****                 // Guardar el valor de data en la variable modo
 243              		.loc 1 95 0
 244 004a 0A4B     		ldr	r3, .L25+8
 245 004c 1B78     		ldrb	r3, [r3]	@ zero_extendqisi2
 246 004e DBB2     		uxtb	r3, r3
 247 0050 062B     		cmp	r3, #6
 248 0052 02D1     		bne	.L22
ARM GAS  C:\Users\pedro\AppData\Local\Temp\ccW7ei8s.s 			page 8


  97:main.c        ****                 // Realizar acciones con modo si es necesario
 249              		.loc 1 97 0
 250 0054 084B     		ldr	r3, .L25+12
 251 0056 1C78     		ldrb	r4, [r3]	@ zero_extendqisi2
 252              	.LVL23:
 253 0058 E4B2     		uxtb	r4, r4
 254              	.LVL24:
 255              	.L22:
 101:main.c        ****                     // Leer la variable lectura_sensor y realizar acciones adicionales si es necesa
 256              		.loc 1 101 0
 257 005a 042C     		cmp	r4, #4
 258 005c D8D1     		bne	.L18
 108:main.c        ****                         V2_Write(0);
 259              		.loc 1 108 0
 260 005e 0020     		movs	r0, #0
 261 0060 FFF7FEFF 		bl	V1_Write
 262              	.LVL25:
 109:main.c        ****                     }
 263              		.loc 1 109 0
 264 0064 0020     		movs	r0, #0
 265 0066 FFF7FEFF 		bl	V2_Write
 266              	.LVL26:
 267 006a D1E7     		b	.L18
 268              	.L26:
 269              		.align	2
 270              	.L25:
 271 006c 00000000 		.word	Perror
 272 0070 00000000 		.word	.LANCHOR0
 273 0074 00000000 		.word	tipo
 274 0078 00000000 		.word	data
 275              		.cfi_endproc
 276              	.LFE66:
 277              		.size	main, .-main
 278              		.section	.text.irq_Activacion_Lectura,"ax",%progbits
 279              		.align	2
 280              		.global	irq_Activacion_Lectura
 281              		.thumb
 282              		.thumb_func
 283              		.type	irq_Activacion_Lectura, %function
 284              	irq_Activacion_Lectura:
 285              	.LFB68:
 123:main.c        **** }
 124:main.c        **** 
 125:main.c        **** CY_ISR(irq_Activacion_Lectura){
 286              		.loc 1 125 0
 287              		.cfi_startproc
 288              		@ args = 0, pretend = 0, frame = 0
 289              		@ frame_needed = 0, uses_anonymous_args = 0
 290 0000 10B5     		push	{r4, lr}
 291              		.cfi_def_cfa_offset 8
 292              		.cfi_offset 4, -8
 293              		.cfi_offset 14, -4
 126:main.c        ****     int value_counter = 65535-Timer_Lectura_ReadCounter();
 294              		.loc 1 126 0
 295 0002 FFF7FEFF 		bl	Timer_Lectura_ReadCounter
 296              	.LVL27:
 297 0006 C0F57F44 		rsb	r4, r0, #65280
ARM GAS  C:\Users\pedro\AppData\Local\Temp\ccW7ei8s.s 			page 9


 298 000a FF34     		adds	r4, r4, #255
 299              	.LVL28:
 127:main.c        ****     int Selector = Contador_Estado_Read();
 300              		.loc 1 127 0
 301 000c FFF7FEFF 		bl	Contador_Estado_Read
 302              	.LVL29:
 128:main.c        ****     distancias[Selector] = value_counter;
 303              		.loc 1 128 0
 304 0010 014B     		ldr	r3, .L29
 305 0012 43F82040 		str	r4, [r3, r0, lsl #2]
 306 0016 10BD     		pop	{r4, pc}
 307              	.LVL30:
 308              	.L30:
 309              		.align	2
 310              	.L29:
 311 0018 00000000 		.word	.LANCHOR2
 312              		.cfi_endproc
 313              	.LFE68:
 314              		.size	irq_Activacion_Lectura, .-irq_Activacion_Lectura
 315              		.section	.text.irq_Activacion_triger,"ax",%progbits
 316              		.align	2
 317              		.global	irq_Activacion_triger
 318              		.thumb
 319              		.thumb_func
 320              		.type	irq_Activacion_triger, %function
 321              	irq_Activacion_triger:
 322              	.LFB69:
 129:main.c        **** }
 130:main.c        **** 
 131:main.c        **** CY_ISR(irq_Activacion_triger){
 323              		.loc 1 131 0
 324              		.cfi_startproc
 325              		@ args = 0, pretend = 0, frame = 0
 326              		@ frame_needed = 0, uses_anonymous_args = 0
 327 0000 08B5     		push	{r3, lr}
 328              		.cfi_def_cfa_offset 8
 329              		.cfi_offset 3, -8
 330              		.cfi_offset 14, -4
 132:main.c        ****    habilitador_triger = 1;
 331              		.loc 1 132 0
 332 0002 0120     		movs	r0, #1
 333 0004 054B     		ldr	r3, .L33
 334 0006 1870     		strb	r0, [r3]
 133:main.c        ****    Trigger_out_Write(1);
 335              		.loc 1 133 0
 336 0008 FFF7FEFF 		bl	Trigger_out_Write
 337              	.LVL31:
 134:main.c        ****     CyDelay(10u);
 338              		.loc 1 134 0
 339 000c 0A20     		movs	r0, #10
 340 000e FFF7FEFF 		bl	CyDelay
 341              	.LVL32:
 135:main.c        ****    Trigger_out_Write(0);
 342              		.loc 1 135 0
 343 0012 0020     		movs	r0, #0
 344 0014 FFF7FEFF 		bl	Trigger_out_Write
 345              	.LVL33:
ARM GAS  C:\Users\pedro\AppData\Local\Temp\ccW7ei8s.s 			page 10


 346 0018 08BD     		pop	{r3, pc}
 347              	.L34:
 348 001a 00BF     		.align	2
 349              	.L33:
 350 001c 00000000 		.word	habilitador_triger
 351              		.cfi_endproc
 352              	.LFE69:
 353              		.size	irq_Activacion_triger, .-irq_Activacion_triger
 354              		.section	.text.UART_RX_ISR,"ax",%progbits
 355              		.align	2
 356              		.global	UART_RX_ISR
 357              		.thumb
 358              		.thumb_func
 359              		.type	UART_RX_ISR, %function
 360              	UART_RX_ISR:
 361              	.LFB70:
 136:main.c        **** }
 137:main.c        **** 
 138:main.c        **** 
 139:main.c        **** CY_ISR(UART_RX_ISR)
 140:main.c        **** {
 362              		.loc 1 140 0
 363              		.cfi_startproc
 364              		@ args = 0, pretend = 0, frame = 0
 365              		@ frame_needed = 0, uses_anonymous_args = 0
 366 0000 08B5     		push	{r3, lr}
 367              		.cfi_def_cfa_offset 8
 368              		.cfi_offset 3, -8
 369              		.cfi_offset 14, -4
 370              	.LVL34:
 141:main.c        ****     // Leer el byte recibido y almacenarlo en la variable global
 142:main.c        ****     uint8 rx_data = 0;
 143:main.c        ****     rx_data = UART_Atmega_ReadRxData();
 371              		.loc 1 143 0
 372 0002 FFF7FEFF 		bl	UART_Atmega_ReadRxData
 373              	.LVL35:
 144:main.c        ****     tipo = (rx_data >> 4) & 0x0F;
 374              		.loc 1 144 0
 375 0006 C0F30712 		ubfx	r2, r0, #4, #8
 376 000a 034B     		ldr	r3, .L37
 377 000c 1A70     		strb	r2, [r3]
 145:main.c        ****     data = rx_data & 0x0F;
 378              		.loc 1 145 0
 379 000e 00F00F00 		and	r0, r0, #15
 380              	.LVL36:
 381 0012 024B     		ldr	r3, .L37+4
 382 0014 1870     		strb	r0, [r3]
 383 0016 08BD     		pop	{r3, pc}
 384              	.L38:
 385              		.align	2
 386              	.L37:
 387 0018 00000000 		.word	tipo
 388 001c 00000000 		.word	data
 389              		.cfi_endproc
 390              	.LFE70:
 391              		.size	UART_RX_ISR, .-UART_RX_ISR
 392              		.global	digitPatterns
ARM GAS  C:\Users\pedro\AppData\Local\Temp\ccW7ei8s.s 			page 11


 393              		.global	distancias
 394              		.comm	habilitador_triger,1,1
 395              		.comm	data,1,1
 396              		.comm	tipo,1,1
 397              		.global	FlagError
 398              		.section	.rodata
 399              		.align	2
 400              		.set	.LANCHOR1,. + 0
 401              		.type	digitPatterns, %object
 402              		.size	digitPatterns, 10
 403              	digitPatterns:
 404 0000 3F       		.byte	63
 405 0001 06       		.byte	6
 406 0002 5B       		.byte	91
 407 0003 4F       		.byte	79
 408 0004 66       		.byte	102
 409 0005 6D       		.byte	109
 410 0006 7D       		.byte	125
 411 0007 07       		.byte	7
 412 0008 7F       		.byte	127
 413 0009 6F       		.byte	111
 414              		.data
 415              		.align	2
 416              		.set	.LANCHOR2,. + 0
 417              		.type	distancias, %object
 418              		.size	distancias, 16
 419              	distancias:
 420 0000 01000000 		.word	1
 421 0004 01000000 		.word	1
 422 0008 01000000 		.word	1
 423 000c 01000000 		.word	1
 424              		.bss
 425              		.set	.LANCHOR0,. + 0
 426              		.type	FlagError, %object
 427              		.size	FlagError, 1
 428              	FlagError:
 429 0000 00       		.space	1
 430              		.text
 431              	.Letext0:
 432              		.file 2 "c:\\program files (x86)\\cypress\\psoc creator\\4.4\\psoc creator\\import\\gnu\\arm\\5.4.
 433              		.file 3 "c:\\program files (x86)\\cypress\\psoc creator\\4.4\\psoc creator\\import\\gnu\\arm\\5.4.
 434              		.file 4 "Generated_Source\\PSoC5/cytypes.h"
 435              		.file 5 "Generated_Source\\PSoC5/core_cm3.h"
 436              		.file 6 "Generated_Source\\PSoC5/Segmento.h"
 437              		.file 7 "Generated_Source\\PSoC5/UART_Atmega.h"
 438              		.file 8 "Generated_Source\\PSoC5/irq_P.h"
 439              		.file 9 "Generated_Source\\PSoC5/V1.h"
 440              		.file 10 "Generated_Source\\PSoC5/V2.h"
 441              		.file 11 "Generated_Source\\PSoC5/Timer_Lectura.h"
 442              		.file 12 "Generated_Source\\PSoC5/Contador_Estado.h"
 443              		.file 13 "Generated_Source\\PSoC5/Trigger_out.h"
 444              		.file 14 "Generated_Source\\PSoC5/CyLib.h"
 445              		.section	.debug_info,"",%progbits
 446              	.Ldebug_info0:
 447 0000 78040000 		.4byte	0x478
 448 0004 0400     		.2byte	0x4
 449 0006 00000000 		.4byte	.Ldebug_abbrev0
ARM GAS  C:\Users\pedro\AppData\Local\Temp\ccW7ei8s.s 			page 12


 450 000a 04       		.byte	0x4
 451 000b 01       		.uleb128 0x1
 452 000c CF000000 		.4byte	.LASF53
 453 0010 0C       		.byte	0xc
 454 0011 F7020000 		.4byte	.LASF54
 455 0015 6B010000 		.4byte	.LASF55
 456 0019 18000000 		.4byte	.Ldebug_ranges0+0x18
 457 001d 00000000 		.4byte	0
 458 0021 00000000 		.4byte	.Ldebug_line0
 459 0025 02       		.uleb128 0x2
 460 0026 01       		.byte	0x1
 461 0027 06       		.byte	0x6
 462 0028 84030000 		.4byte	.LASF0
 463 002c 03       		.uleb128 0x3
 464 002d 00000000 		.4byte	.LASF4
 465 0031 02       		.byte	0x2
 466 0032 1D       		.byte	0x1d
 467 0033 37000000 		.4byte	0x37
 468 0037 02       		.uleb128 0x2
 469 0038 01       		.byte	0x1
 470 0039 08       		.byte	0x8
 471 003a FB010000 		.4byte	.LASF1
 472 003e 02       		.uleb128 0x2
 473 003f 02       		.byte	0x2
 474 0040 05       		.byte	0x5
 475 0041 2E030000 		.4byte	.LASF2
 476 0045 02       		.uleb128 0x2
 477 0046 02       		.byte	0x2
 478 0047 07       		.byte	0x7
 479 0048 C2010000 		.4byte	.LASF3
 480 004c 03       		.uleb128 0x3
 481 004d 23000000 		.4byte	.LASF5
 482 0051 02       		.byte	0x2
 483 0052 3F       		.byte	0x3f
 484 0053 57000000 		.4byte	0x57
 485 0057 02       		.uleb128 0x2
 486 0058 04       		.byte	0x4
 487 0059 05       		.byte	0x5
 488 005a 6F030000 		.4byte	.LASF6
 489 005e 02       		.uleb128 0x2
 490 005f 04       		.byte	0x4
 491 0060 07       		.byte	0x7
 492 0061 B0010000 		.4byte	.LASF7
 493 0065 02       		.uleb128 0x2
 494 0066 08       		.byte	0x8
 495 0067 05       		.byte	0x5
 496 0068 DE020000 		.4byte	.LASF8
 497 006c 02       		.uleb128 0x2
 498 006d 08       		.byte	0x8
 499 006e 07       		.byte	0x7
 500 006f 74020000 		.4byte	.LASF9
 501 0073 04       		.uleb128 0x4
 502 0074 04       		.byte	0x4
 503 0075 05       		.byte	0x5
 504 0076 696E7400 		.ascii	"int\000"
 505 007a 02       		.uleb128 0x2
 506 007b 04       		.byte	0x4
ARM GAS  C:\Users\pedro\AppData\Local\Temp\ccW7ei8s.s 			page 13


 507 007c 07       		.byte	0x7
 508 007d 61020000 		.4byte	.LASF10
 509 0081 03       		.uleb128 0x3
 510 0082 8B020000 		.4byte	.LASF11
 511 0086 03       		.byte	0x3
 512 0087 18       		.byte	0x18
 513 0088 2C000000 		.4byte	0x2c
 514 008c 03       		.uleb128 0x3
 515 008d B7020000 		.4byte	.LASF12
 516 0091 03       		.byte	0x3
 517 0092 2C       		.byte	0x2c
 518 0093 4C000000 		.4byte	0x4c
 519 0097 05       		.uleb128 0x5
 520 0098 4D030000 		.4byte	.LASF13
 521 009c 04       		.byte	0x4
 522 009d E801     		.2byte	0x1e8
 523 009f 37000000 		.4byte	0x37
 524 00a3 02       		.uleb128 0x2
 525 00a4 04       		.byte	0x4
 526 00a5 04       		.byte	0x4
 527 00a6 8E000000 		.4byte	.LASF14
 528 00aa 02       		.uleb128 0x2
 529 00ab 08       		.byte	0x8
 530 00ac 04       		.byte	0x4
 531 00ad 90030000 		.4byte	.LASF15
 532 00b1 02       		.uleb128 0x2
 533 00b2 01       		.byte	0x1
 534 00b3 08       		.byte	0x8
 535 00b4 FE020000 		.4byte	.LASF16
 536 00b8 06       		.uleb128 0x6
 537 00b9 97000000 		.4byte	0x97
 538 00bd 02       		.uleb128 0x2
 539 00be 08       		.byte	0x8
 540 00bf 04       		.byte	0x4
 541 00c0 78030000 		.4byte	.LASF17
 542 00c4 02       		.uleb128 0x2
 543 00c5 04       		.byte	0x4
 544 00c6 07       		.byte	0x7
 545 00c7 BF020000 		.4byte	.LASF18
 546 00cb 07       		.uleb128 0x7
 547 00cc 94000000 		.4byte	.LASF56
 548 00d0 01       		.byte	0x1
 549 00d1 79       		.byte	0x79
 550 00d2 00000000 		.4byte	.LFB67
 551 00d6 0C000000 		.4byte	.LFE67-.LFB67
 552 00da 01       		.uleb128 0x1
 553 00db 9C       		.byte	0x9c
 554 00dc 08       		.uleb128 0x8
 555 00dd C8020000 		.4byte	.LASF19
 556 00e1 01       		.byte	0x1
 557 00e2 20       		.byte	0x20
 558 00e3 00000000 		.4byte	.LFB63
 559 00e7 10000000 		.4byte	.LFE63-.LFB63
 560 00eb 01       		.uleb128 0x1
 561 00ec 9C       		.byte	0x9c
 562 00ed 0A010000 		.4byte	0x10a
 563 00f1 09       		.uleb128 0x9
ARM GAS  C:\Users\pedro\AppData\Local\Temp\ccW7ei8s.s 			page 14


 564 00f2 6E020000 		.4byte	.LASF24
 565 00f6 01       		.byte	0x1
 566 00f7 20       		.byte	0x20
 567 00f8 97000000 		.4byte	0x97
 568 00fc 00000000 		.4byte	.LLST0
 569 0100 0A       		.uleb128 0xa
 570 0101 0A000000 		.4byte	.LVL2
 571 0105 F7030000 		.4byte	0x3f7
 572 0109 00       		.byte	0
 573 010a 0B       		.uleb128 0xb
 574 010b 09020000 		.4byte	.LASF20
 575 010f 01       		.byte	0x1
 576 0110 26       		.byte	0x26
 577 0111 97000000 		.4byte	0x97
 578 0115 00000000 		.4byte	.LFB64
 579 0119 20000000 		.4byte	.LFE64-.LFB64
 580 011d 01       		.uleb128 0x1
 581 011e 9C       		.byte	0x9c
 582 011f 52010000 		.4byte	0x152
 583 0123 0C       		.uleb128 0xc
 584 0124 75000000 		.4byte	.LASF21
 585 0128 01       		.byte	0x1
 586 0129 28       		.byte	0x28
 587 012a 97000000 		.4byte	0x97
 588 012e 21000000 		.4byte	.LLST1
 589 0132 0D       		.uleb128 0xd
 590 0133 5C000000 		.4byte	.LASF22
 591 0137 01       		.byte	0x1
 592 0138 29       		.byte	0x29
 593 0139 73000000 		.4byte	0x73
 594 013d 04       		.byte	0x4
 595 013e 0E       		.uleb128 0xe
 596 013f 00000000 		.4byte	.Ldebug_ranges0+0
 597 0143 0F       		.uleb128 0xf
 598 0144 6900     		.ascii	"i\000"
 599 0146 01       		.byte	0x1
 600 0147 2A       		.byte	0x2a
 601 0148 73000000 		.4byte	0x73
 602 014c 4B000000 		.4byte	.LLST2
 603 0150 00       		.byte	0
 604 0151 00       		.byte	0
 605 0152 08       		.uleb128 0x8
 606 0153 69000000 		.4byte	.LASF23
 607 0157 01       		.byte	0x1
 608 0158 33       		.byte	0x33
 609 0159 00000000 		.4byte	.LFB65
 610 015d 28000000 		.4byte	.LFE65-.LFB65
 611 0161 01       		.uleb128 0x1
 612 0162 9C       		.byte	0x9c
 613 0163 B9010000 		.4byte	0x1b9
 614 0167 09       		.uleb128 0x9
 615 0168 29030000 		.4byte	.LASF25
 616 016c 01       		.byte	0x1
 617 016d 33       		.byte	0x33
 618 016e 97000000 		.4byte	0x97
 619 0172 6A000000 		.4byte	.LLST3
 620 0176 09       		.uleb128 0x9
ARM GAS  C:\Users\pedro\AppData\Local\Temp\ccW7ei8s.s 			page 15


 621 0177 16000000 		.4byte	.LASF26
 622 017b 01       		.byte	0x1
 623 017c 33       		.byte	0x33
 624 017d 97000000 		.4byte	0x97
 625 0181 8B000000 		.4byte	.LLST4
 626 0185 10       		.uleb128 0x10
 627 0186 0A000000 		.4byte	.LASF27
 628 018a 01       		.byte	0x1
 629 018b 36       		.byte	0x36
 630 018c 97000000 		.4byte	0x97
 631 0190 01       		.uleb128 0x1
 632 0191 54       		.byte	0x54
 633 0192 0A       		.uleb128 0xa
 634 0193 10000000 		.4byte	.LVL12
 635 0197 02040000 		.4byte	0x402
 636 019b 11       		.uleb128 0x11
 637 019c 1C000000 		.4byte	.LVL13
 638 01a0 0D040000 		.4byte	0x40d
 639 01a4 AF010000 		.4byte	0x1af
 640 01a8 12       		.uleb128 0x12
 641 01a9 01       		.uleb128 0x1
 642 01aa 50       		.byte	0x50
 643 01ab 02       		.uleb128 0x2
 644 01ac 74       		.byte	0x74
 645 01ad 00       		.sleb128 0
 646 01ae 00       		.byte	0
 647 01af 0A       		.uleb128 0xa
 648 01b0 20000000 		.4byte	.LVL14
 649 01b4 02040000 		.4byte	0x402
 650 01b8 00       		.byte	0
 651 01b9 13       		.uleb128 0x13
 652 01ba 5C020000 		.4byte	.LASF57
 653 01be 01       		.byte	0x1
 654 01bf 45       		.byte	0x45
 655 01c0 73000000 		.4byte	0x73
 656 01c4 00000000 		.4byte	.LFB66
 657 01c8 7C000000 		.4byte	.LFE66-.LFB66
 658 01cc 01       		.uleb128 0x1
 659 01cd 9C       		.byte	0x9c
 660 01ce 8F020000 		.4byte	0x28f
 661 01d2 0C       		.uleb128 0xc
 662 01d3 2D000000 		.4byte	.LASF28
 663 01d7 01       		.byte	0x1
 664 01d8 4B       		.byte	0x4b
 665 01d9 81000000 		.4byte	0x81
 666 01dd AC000000 		.4byte	.LLST5
 667 01e1 0C       		.uleb128 0xc
 668 01e2 D9020000 		.4byte	.LASF29
 669 01e6 01       		.byte	0x1
 670 01e7 4C       		.byte	0x4c
 671 01e8 81000000 		.4byte	0x81
 672 01ec C0000000 		.4byte	.LLST6
 673 01f0 0A       		.uleb128 0xa
 674 01f1 08000000 		.4byte	.LVL15
 675 01f5 18040000 		.4byte	0x418
 676 01f9 11       		.uleb128 0x11
 677 01fa 0E000000 		.4byte	.LVL16
ARM GAS  C:\Users\pedro\AppData\Local\Temp\ccW7ei8s.s 			page 16


 678 01fe 23040000 		.4byte	0x423
 679 0202 10020000 		.4byte	0x210
 680 0206 12       		.uleb128 0x12
 681 0207 01       		.uleb128 0x1
 682 0208 50       		.byte	0x50
 683 0209 05       		.uleb128 0x5
 684 020a 03       		.byte	0x3
 685 020b 00000000 		.4byte	Perror
 686 020f 00       		.byte	0
 687 0210 11       		.uleb128 0x11
 688 0211 22000000 		.4byte	.LVL18
 689 0215 52010000 		.4byte	0x152
 690 0219 29020000 		.4byte	0x229
 691 021d 12       		.uleb128 0x12
 692 021e 01       		.uleb128 0x1
 693 021f 50       		.byte	0x50
 694 0220 02       		.uleb128 0x2
 695 0221 08       		.byte	0x8
 696 0222 60       		.byte	0x60
 697 0223 12       		.uleb128 0x12
 698 0224 01       		.uleb128 0x1
 699 0225 51       		.byte	0x51
 700 0226 01       		.uleb128 0x1
 701 0227 38       		.byte	0x38
 702 0228 00       		.byte	0
 703 0229 11       		.uleb128 0x11
 704 022a 28000000 		.4byte	.LVL19
 705 022e 2E040000 		.4byte	0x42e
 706 0232 3C020000 		.4byte	0x23c
 707 0236 12       		.uleb128 0x12
 708 0237 01       		.uleb128 0x1
 709 0238 50       		.byte	0x50
 710 0239 01       		.uleb128 0x1
 711 023a 30       		.byte	0x30
 712 023b 00       		.byte	0
 713 023c 11       		.uleb128 0x11
 714 023d 2E000000 		.4byte	.LVL20
 715 0241 39040000 		.4byte	0x439
 716 0245 4F020000 		.4byte	0x24f
 717 0249 12       		.uleb128 0x12
 718 024a 01       		.uleb128 0x1
 719 024b 50       		.byte	0x50
 720 024c 01       		.uleb128 0x1
 721 024d 30       		.byte	0x30
 722 024e 00       		.byte	0
 723 024f 0A       		.uleb128 0xa
 724 0250 34000000 		.4byte	.LVL21
 725 0254 0A010000 		.4byte	0x10a
 726 0258 11       		.uleb128 0x11
 727 0259 3C000000 		.4byte	.LVL22
 728 025d 52010000 		.4byte	0x152
 729 0261 6C020000 		.4byte	0x26c
 730 0265 12       		.uleb128 0x12
 731 0266 01       		.uleb128 0x1
 732 0267 50       		.byte	0x50
 733 0268 02       		.uleb128 0x2
 734 0269 08       		.byte	0x8
ARM GAS  C:\Users\pedro\AppData\Local\Temp\ccW7ei8s.s 			page 17


 735 026a 30       		.byte	0x30
 736 026b 00       		.byte	0
 737 026c 11       		.uleb128 0x11
 738 026d 64000000 		.4byte	.LVL25
 739 0271 2E040000 		.4byte	0x42e
 740 0275 7F020000 		.4byte	0x27f
 741 0279 12       		.uleb128 0x12
 742 027a 01       		.uleb128 0x1
 743 027b 50       		.byte	0x50
 744 027c 01       		.uleb128 0x1
 745 027d 30       		.byte	0x30
 746 027e 00       		.byte	0
 747 027f 14       		.uleb128 0x14
 748 0280 6A000000 		.4byte	.LVL26
 749 0284 39040000 		.4byte	0x439
 750 0288 12       		.uleb128 0x12
 751 0289 01       		.uleb128 0x1
 752 028a 50       		.byte	0x50
 753 028b 01       		.uleb128 0x1
 754 028c 30       		.byte	0x30
 755 028d 00       		.byte	0
 756 028e 00       		.byte	0
 757 028f 08       		.uleb128 0x8
 758 0290 45000000 		.4byte	.LASF30
 759 0294 01       		.byte	0x1
 760 0295 7D       		.byte	0x7d
 761 0296 00000000 		.4byte	.LFB68
 762 029a 1C000000 		.4byte	.LFE68-.LFB68
 763 029e 01       		.uleb128 0x1
 764 029f 9C       		.byte	0x9c
 765 02a0 D3020000 		.4byte	0x2d3
 766 02a4 0C       		.uleb128 0xc
 767 02a5 5D010000 		.4byte	.LASF31
 768 02a9 01       		.byte	0x1
 769 02aa 7E       		.byte	0x7e
 770 02ab 73000000 		.4byte	0x73
 771 02af EA000000 		.4byte	.LLST7
 772 02b3 10       		.uleb128 0x10
 773 02b4 3C000000 		.4byte	.LASF32
 774 02b8 01       		.byte	0x1
 775 02b9 7F       		.byte	0x7f
 776 02ba 73000000 		.4byte	0x73
 777 02be 01       		.uleb128 0x1
 778 02bf 50       		.byte	0x50
 779 02c0 0A       		.uleb128 0xa
 780 02c1 06000000 		.4byte	.LVL27
 781 02c5 44040000 		.4byte	0x444
 782 02c9 0A       		.uleb128 0xa
 783 02ca 10000000 		.4byte	.LVL29
 784 02ce 4F040000 		.4byte	0x44f
 785 02d2 00       		.byte	0
 786 02d3 08       		.uleb128 0x8
 787 02d4 B9000000 		.4byte	.LASF33
 788 02d8 01       		.byte	0x1
 789 02d9 83       		.byte	0x83
 790 02da 00000000 		.4byte	.LFB69
 791 02de 20000000 		.4byte	.LFE69-.LFB69
ARM GAS  C:\Users\pedro\AppData\Local\Temp\ccW7ei8s.s 			page 18


 792 02e2 01       		.uleb128 0x1
 793 02e3 9C       		.byte	0x9c
 794 02e4 1E030000 		.4byte	0x31e
 795 02e8 11       		.uleb128 0x11
 796 02e9 0C000000 		.4byte	.LVL31
 797 02ed 5A040000 		.4byte	0x45a
 798 02f1 FB020000 		.4byte	0x2fb
 799 02f5 12       		.uleb128 0x12
 800 02f6 01       		.uleb128 0x1
 801 02f7 50       		.byte	0x50
 802 02f8 01       		.uleb128 0x1
 803 02f9 31       		.byte	0x31
 804 02fa 00       		.byte	0
 805 02fb 11       		.uleb128 0x11
 806 02fc 12000000 		.4byte	.LVL32
 807 0300 65040000 		.4byte	0x465
 808 0304 0E030000 		.4byte	0x30e
 809 0308 12       		.uleb128 0x12
 810 0309 01       		.uleb128 0x1
 811 030a 50       		.byte	0x50
 812 030b 01       		.uleb128 0x1
 813 030c 3A       		.byte	0x3a
 814 030d 00       		.byte	0
 815 030e 14       		.uleb128 0x14
 816 030f 18000000 		.4byte	.LVL33
 817 0313 5A040000 		.4byte	0x45a
 818 0317 12       		.uleb128 0x12
 819 0318 01       		.uleb128 0x1
 820 0319 50       		.byte	0x50
 821 031a 01       		.uleb128 0x1
 822 031b 30       		.byte	0x30
 823 031c 00       		.byte	0
 824 031d 00       		.byte	0
 825 031e 08       		.uleb128 0x8
 826 031f 9B000000 		.4byte	.LASF34
 827 0323 01       		.byte	0x1
 828 0324 8B       		.byte	0x8b
 829 0325 00000000 		.4byte	.LFB70
 830 0329 20000000 		.4byte	.LFE70-.LFB70
 831 032d 01       		.uleb128 0x1
 832 032e 9C       		.byte	0x9c
 833 032f 4C030000 		.4byte	0x34c
 834 0333 0C       		.uleb128 0xc
 835 0334 1B000000 		.4byte	.LASF35
 836 0338 01       		.byte	0x1
 837 0339 8E       		.byte	0x8e
 838 033a 97000000 		.4byte	0x97
 839 033e 0E010000 		.4byte	.LLST8
 840 0342 0A       		.uleb128 0xa
 841 0343 06000000 		.4byte	.LVL35
 842 0347 70040000 		.4byte	0x470
 843 034b 00       		.byte	0
 844 034c 15       		.uleb128 0x15
 845 034d EE010000 		.4byte	.LASF36
 846 0351 05       		.byte	0x5
 847 0352 1207     		.2byte	0x712
 848 0354 58030000 		.4byte	0x358
ARM GAS  C:\Users\pedro\AppData\Local\Temp\ccW7ei8s.s 			page 19


 849 0358 06       		.uleb128 0x6
 850 0359 8C000000 		.4byte	0x8c
 851 035d 16       		.uleb128 0x16
 852 035e 93020000 		.4byte	.LASF37
 853 0362 01       		.byte	0x1
 854 0363 0E       		.byte	0xe
 855 0364 B8000000 		.4byte	0xb8
 856 0368 05       		.uleb128 0x5
 857 0369 03       		.byte	0x3
 858 036a 00000000 		.4byte	FlagError
 859 036e 16       		.uleb128 0x16
 860 036f 29030000 		.4byte	.LASF25
 861 0373 01       		.byte	0x1
 862 0374 0F       		.byte	0xf
 863 0375 B8000000 		.4byte	0xb8
 864 0379 05       		.uleb128 0x5
 865 037a 03       		.byte	0x3
 866 037b 00000000 		.4byte	tipo
 867 037f 16       		.uleb128 0x16
 868 0380 16000000 		.4byte	.LASF26
 869 0384 01       		.byte	0x1
 870 0385 10       		.byte	0x10
 871 0386 B8000000 		.4byte	0xb8
 872 038a 05       		.uleb128 0x5
 873 038b 03       		.byte	0x3
 874 038c 00000000 		.4byte	data
 875 0390 16       		.uleb128 0x16
 876 0391 53030000 		.4byte	.LASF38
 877 0395 01       		.byte	0x1
 878 0396 11       		.byte	0x11
 879 0397 B8000000 		.4byte	0xb8
 880 039b 05       		.uleb128 0x5
 881 039c 03       		.byte	0x3
 882 039d 00000000 		.4byte	habilitador_triger
 883 03a1 17       		.uleb128 0x17
 884 03a2 B1030000 		.4byte	0x3b1
 885 03a6 B1030000 		.4byte	0x3b1
 886 03aa 18       		.uleb128 0x18
 887 03ab C4000000 		.4byte	0xc4
 888 03af 03       		.byte	0x3
 889 03b0 00       		.byte	0
 890 03b1 06       		.uleb128 0x6
 891 03b2 73000000 		.4byte	0x73
 892 03b6 16       		.uleb128 0x16
 893 03b7 EC020000 		.4byte	.LASF39
 894 03bb 01       		.byte	0x1
 895 03bc 12       		.byte	0x12
 896 03bd C7030000 		.4byte	0x3c7
 897 03c1 05       		.uleb128 0x5
 898 03c2 03       		.byte	0x3
 899 03c3 00000000 		.4byte	distancias
 900 03c7 06       		.uleb128 0x6
 901 03c8 A1030000 		.4byte	0x3a1
 902 03cc 17       		.uleb128 0x17
 903 03cd DC030000 		.4byte	0x3dc
 904 03d1 DC030000 		.4byte	0x3dc
 905 03d5 18       		.uleb128 0x18
ARM GAS  C:\Users\pedro\AppData\Local\Temp\ccW7ei8s.s 			page 20


 906 03d6 C4000000 		.4byte	0xc4
 907 03da 09       		.byte	0x9
 908 03db 00       		.byte	0
 909 03dc 19       		.uleb128 0x19
 910 03dd 97000000 		.4byte	0x97
 911 03e1 16       		.uleb128 0x16
 912 03e2 1B030000 		.4byte	.LASF40
 913 03e6 01       		.byte	0x1
 914 03e7 13       		.byte	0x13
 915 03e8 F2030000 		.4byte	0x3f2
 916 03ec 05       		.uleb128 0x5
 917 03ed 03       		.byte	0x3
 918 03ee 00000000 		.4byte	digitPatterns
 919 03f2 19       		.uleb128 0x19
 920 03f3 CC030000 		.4byte	0x3cc
 921 03f7 1A       		.uleb128 0x1a
 922 03f8 7F000000 		.4byte	.LASF41
 923 03fc 7F000000 		.4byte	.LASF41
 924 0400 06       		.byte	0x6
 925 0401 26       		.byte	0x26
 926 0402 1A       		.uleb128 0x1a
 927 0403 D5010000 		.4byte	.LASF42
 928 0407 D5010000 		.4byte	.LASF42
 929 040b 07       		.byte	0x7
 930 040c 89       		.byte	0x89
 931 040d 1A       		.uleb128 0x1a
 932 040e 03030000 		.4byte	.LASF43
 933 0412 03030000 		.4byte	.LASF43
 934 0416 07       		.byte	0x7
 935 0417 88       		.byte	0x88
 936 0418 1A       		.uleb128 0x1a
 937 0419 A7000000 		.4byte	.LASF44
 938 041d A7000000 		.4byte	.LASF44
 939 0421 07       		.byte	0x7
 940 0422 54       		.byte	0x54
 941 0423 1A       		.uleb128 0x1a
 942 0424 4E020000 		.4byte	.LASF45
 943 0428 4E020000 		.4byte	.LASF45
 944 042c 08       		.byte	0x8
 945 042d 18       		.byte	0x18
 946 042e 1A       		.uleb128 0x1a
 947 042f 1C020000 		.4byte	.LASF46
 948 0433 1C020000 		.4byte	.LASF46
 949 0437 09       		.byte	0x9
 950 0438 26       		.byte	0x26
 951 0439 1A       		.uleb128 0x1a
 952 043a 66030000 		.4byte	.LASF47
 953 043e 66030000 		.4byte	.LASF47
 954 0442 0A       		.byte	0xa
 955 0443 26       		.byte	0x26
 956 0444 1A       		.uleb128 0x1a
 957 0445 9D020000 		.4byte	.LASF48
 958 0449 9D020000 		.4byte	.LASF48
 959 044d 0B       		.byte	0xb
 960 044e 69       		.byte	0x69
 961 044f 1A       		.uleb128 0x1a
 962 0450 38030000 		.4byte	.LASF49
ARM GAS  C:\Users\pedro\AppData\Local\Temp\ccW7ei8s.s 			page 21


 963 0454 38030000 		.4byte	.LASF49
 964 0458 0C       		.byte	0xc
 965 0459 30       		.byte	0x30
 966 045a 1A       		.uleb128 0x1a
 967 045b 25020000 		.4byte	.LASF50
 968 045f 25020000 		.4byte	.LASF50
 969 0463 0D       		.byte	0xd
 970 0464 2F       		.byte	0x2f
 971 0465 1A       		.uleb128 0x1a
 972 0466 97030000 		.4byte	.LASF51
 973 046a 97030000 		.4byte	.LASF51
 974 046e 0E       		.byte	0xe
 975 046f 76       		.byte	0x76
 976 0470 1A       		.uleb128 0x1a
 977 0471 37020000 		.4byte	.LASF52
 978 0475 37020000 		.4byte	.LASF52
 979 0479 07       		.byte	0x7
 980 047a 6F       		.byte	0x6f
 981 047b 00       		.byte	0
 982              		.section	.debug_abbrev,"",%progbits
 983              	.Ldebug_abbrev0:
 984 0000 01       		.uleb128 0x1
 985 0001 11       		.uleb128 0x11
 986 0002 01       		.byte	0x1
 987 0003 25       		.uleb128 0x25
 988 0004 0E       		.uleb128 0xe
 989 0005 13       		.uleb128 0x13
 990 0006 0B       		.uleb128 0xb
 991 0007 03       		.uleb128 0x3
 992 0008 0E       		.uleb128 0xe
 993 0009 1B       		.uleb128 0x1b
 994 000a 0E       		.uleb128 0xe
 995 000b 55       		.uleb128 0x55
 996 000c 17       		.uleb128 0x17
 997 000d 11       		.uleb128 0x11
 998 000e 01       		.uleb128 0x1
 999 000f 10       		.uleb128 0x10
 1000 0010 17       		.uleb128 0x17
 1001 0011 00       		.byte	0
 1002 0012 00       		.byte	0
 1003 0013 02       		.uleb128 0x2
 1004 0014 24       		.uleb128 0x24
 1005 0015 00       		.byte	0
 1006 0016 0B       		.uleb128 0xb
 1007 0017 0B       		.uleb128 0xb
 1008 0018 3E       		.uleb128 0x3e
 1009 0019 0B       		.uleb128 0xb
 1010 001a 03       		.uleb128 0x3
 1011 001b 0E       		.uleb128 0xe
 1012 001c 00       		.byte	0
 1013 001d 00       		.byte	0
 1014 001e 03       		.uleb128 0x3
 1015 001f 16       		.uleb128 0x16
 1016 0020 00       		.byte	0
 1017 0021 03       		.uleb128 0x3
 1018 0022 0E       		.uleb128 0xe
 1019 0023 3A       		.uleb128 0x3a
ARM GAS  C:\Users\pedro\AppData\Local\Temp\ccW7ei8s.s 			page 22


 1020 0024 0B       		.uleb128 0xb
 1021 0025 3B       		.uleb128 0x3b
 1022 0026 0B       		.uleb128 0xb
 1023 0027 49       		.uleb128 0x49
 1024 0028 13       		.uleb128 0x13
 1025 0029 00       		.byte	0
 1026 002a 00       		.byte	0
 1027 002b 04       		.uleb128 0x4
 1028 002c 24       		.uleb128 0x24
 1029 002d 00       		.byte	0
 1030 002e 0B       		.uleb128 0xb
 1031 002f 0B       		.uleb128 0xb
 1032 0030 3E       		.uleb128 0x3e
 1033 0031 0B       		.uleb128 0xb
 1034 0032 03       		.uleb128 0x3
 1035 0033 08       		.uleb128 0x8
 1036 0034 00       		.byte	0
 1037 0035 00       		.byte	0
 1038 0036 05       		.uleb128 0x5
 1039 0037 16       		.uleb128 0x16
 1040 0038 00       		.byte	0
 1041 0039 03       		.uleb128 0x3
 1042 003a 0E       		.uleb128 0xe
 1043 003b 3A       		.uleb128 0x3a
 1044 003c 0B       		.uleb128 0xb
 1045 003d 3B       		.uleb128 0x3b
 1046 003e 05       		.uleb128 0x5
 1047 003f 49       		.uleb128 0x49
 1048 0040 13       		.uleb128 0x13
 1049 0041 00       		.byte	0
 1050 0042 00       		.byte	0
 1051 0043 06       		.uleb128 0x6
 1052 0044 35       		.uleb128 0x35
 1053 0045 00       		.byte	0
 1054 0046 49       		.uleb128 0x49
 1055 0047 13       		.uleb128 0x13
 1056 0048 00       		.byte	0
 1057 0049 00       		.byte	0
 1058 004a 07       		.uleb128 0x7
 1059 004b 2E       		.uleb128 0x2e
 1060 004c 00       		.byte	0
 1061 004d 3F       		.uleb128 0x3f
 1062 004e 19       		.uleb128 0x19
 1063 004f 03       		.uleb128 0x3
 1064 0050 0E       		.uleb128 0xe
 1065 0051 3A       		.uleb128 0x3a
 1066 0052 0B       		.uleb128 0xb
 1067 0053 3B       		.uleb128 0x3b
 1068 0054 0B       		.uleb128 0xb
 1069 0055 27       		.uleb128 0x27
 1070 0056 19       		.uleb128 0x19
 1071 0057 11       		.uleb128 0x11
 1072 0058 01       		.uleb128 0x1
 1073 0059 12       		.uleb128 0x12
 1074 005a 06       		.uleb128 0x6
 1075 005b 40       		.uleb128 0x40
 1076 005c 18       		.uleb128 0x18
ARM GAS  C:\Users\pedro\AppData\Local\Temp\ccW7ei8s.s 			page 23


 1077 005d 9742     		.uleb128 0x2117
 1078 005f 19       		.uleb128 0x19
 1079 0060 00       		.byte	0
 1080 0061 00       		.byte	0
 1081 0062 08       		.uleb128 0x8
 1082 0063 2E       		.uleb128 0x2e
 1083 0064 01       		.byte	0x1
 1084 0065 3F       		.uleb128 0x3f
 1085 0066 19       		.uleb128 0x19
 1086 0067 03       		.uleb128 0x3
 1087 0068 0E       		.uleb128 0xe
 1088 0069 3A       		.uleb128 0x3a
 1089 006a 0B       		.uleb128 0xb
 1090 006b 3B       		.uleb128 0x3b
 1091 006c 0B       		.uleb128 0xb
 1092 006d 27       		.uleb128 0x27
 1093 006e 19       		.uleb128 0x19
 1094 006f 11       		.uleb128 0x11
 1095 0070 01       		.uleb128 0x1
 1096 0071 12       		.uleb128 0x12
 1097 0072 06       		.uleb128 0x6
 1098 0073 40       		.uleb128 0x40
 1099 0074 18       		.uleb128 0x18
 1100 0075 9742     		.uleb128 0x2117
 1101 0077 19       		.uleb128 0x19
 1102 0078 01       		.uleb128 0x1
 1103 0079 13       		.uleb128 0x13
 1104 007a 00       		.byte	0
 1105 007b 00       		.byte	0
 1106 007c 09       		.uleb128 0x9
 1107 007d 05       		.uleb128 0x5
 1108 007e 00       		.byte	0
 1109 007f 03       		.uleb128 0x3
 1110 0080 0E       		.uleb128 0xe
 1111 0081 3A       		.uleb128 0x3a
 1112 0082 0B       		.uleb128 0xb
 1113 0083 3B       		.uleb128 0x3b
 1114 0084 0B       		.uleb128 0xb
 1115 0085 49       		.uleb128 0x49
 1116 0086 13       		.uleb128 0x13
 1117 0087 02       		.uleb128 0x2
 1118 0088 17       		.uleb128 0x17
 1119 0089 00       		.byte	0
 1120 008a 00       		.byte	0
 1121 008b 0A       		.uleb128 0xa
 1122 008c 898201   		.uleb128 0x4109
 1123 008f 00       		.byte	0
 1124 0090 11       		.uleb128 0x11
 1125 0091 01       		.uleb128 0x1
 1126 0092 31       		.uleb128 0x31
 1127 0093 13       		.uleb128 0x13
 1128 0094 00       		.byte	0
 1129 0095 00       		.byte	0
 1130 0096 0B       		.uleb128 0xb
 1131 0097 2E       		.uleb128 0x2e
 1132 0098 01       		.byte	0x1
 1133 0099 3F       		.uleb128 0x3f
ARM GAS  C:\Users\pedro\AppData\Local\Temp\ccW7ei8s.s 			page 24


 1134 009a 19       		.uleb128 0x19
 1135 009b 03       		.uleb128 0x3
 1136 009c 0E       		.uleb128 0xe
 1137 009d 3A       		.uleb128 0x3a
 1138 009e 0B       		.uleb128 0xb
 1139 009f 3B       		.uleb128 0x3b
 1140 00a0 0B       		.uleb128 0xb
 1141 00a1 49       		.uleb128 0x49
 1142 00a2 13       		.uleb128 0x13
 1143 00a3 11       		.uleb128 0x11
 1144 00a4 01       		.uleb128 0x1
 1145 00a5 12       		.uleb128 0x12
 1146 00a6 06       		.uleb128 0x6
 1147 00a7 40       		.uleb128 0x40
 1148 00a8 18       		.uleb128 0x18
 1149 00a9 9742     		.uleb128 0x2117
 1150 00ab 19       		.uleb128 0x19
 1151 00ac 01       		.uleb128 0x1
 1152 00ad 13       		.uleb128 0x13
 1153 00ae 00       		.byte	0
 1154 00af 00       		.byte	0
 1155 00b0 0C       		.uleb128 0xc
 1156 00b1 34       		.uleb128 0x34
 1157 00b2 00       		.byte	0
 1158 00b3 03       		.uleb128 0x3
 1159 00b4 0E       		.uleb128 0xe
 1160 00b5 3A       		.uleb128 0x3a
 1161 00b6 0B       		.uleb128 0xb
 1162 00b7 3B       		.uleb128 0x3b
 1163 00b8 0B       		.uleb128 0xb
 1164 00b9 49       		.uleb128 0x49
 1165 00ba 13       		.uleb128 0x13
 1166 00bb 02       		.uleb128 0x2
 1167 00bc 17       		.uleb128 0x17
 1168 00bd 00       		.byte	0
 1169 00be 00       		.byte	0
 1170 00bf 0D       		.uleb128 0xd
 1171 00c0 34       		.uleb128 0x34
 1172 00c1 00       		.byte	0
 1173 00c2 03       		.uleb128 0x3
 1174 00c3 0E       		.uleb128 0xe
 1175 00c4 3A       		.uleb128 0x3a
 1176 00c5 0B       		.uleb128 0xb
 1177 00c6 3B       		.uleb128 0x3b
 1178 00c7 0B       		.uleb128 0xb
 1179 00c8 49       		.uleb128 0x49
 1180 00c9 13       		.uleb128 0x13
 1181 00ca 1C       		.uleb128 0x1c
 1182 00cb 0B       		.uleb128 0xb
 1183 00cc 00       		.byte	0
 1184 00cd 00       		.byte	0
 1185 00ce 0E       		.uleb128 0xe
 1186 00cf 0B       		.uleb128 0xb
 1187 00d0 01       		.byte	0x1
 1188 00d1 55       		.uleb128 0x55
 1189 00d2 17       		.uleb128 0x17
 1190 00d3 00       		.byte	0
ARM GAS  C:\Users\pedro\AppData\Local\Temp\ccW7ei8s.s 			page 25


 1191 00d4 00       		.byte	0
 1192 00d5 0F       		.uleb128 0xf
 1193 00d6 34       		.uleb128 0x34
 1194 00d7 00       		.byte	0
 1195 00d8 03       		.uleb128 0x3
 1196 00d9 08       		.uleb128 0x8
 1197 00da 3A       		.uleb128 0x3a
 1198 00db 0B       		.uleb128 0xb
 1199 00dc 3B       		.uleb128 0x3b
 1200 00dd 0B       		.uleb128 0xb
 1201 00de 49       		.uleb128 0x49
 1202 00df 13       		.uleb128 0x13
 1203 00e0 02       		.uleb128 0x2
 1204 00e1 17       		.uleb128 0x17
 1205 00e2 00       		.byte	0
 1206 00e3 00       		.byte	0
 1207 00e4 10       		.uleb128 0x10
 1208 00e5 34       		.uleb128 0x34
 1209 00e6 00       		.byte	0
 1210 00e7 03       		.uleb128 0x3
 1211 00e8 0E       		.uleb128 0xe
 1212 00e9 3A       		.uleb128 0x3a
 1213 00ea 0B       		.uleb128 0xb
 1214 00eb 3B       		.uleb128 0x3b
 1215 00ec 0B       		.uleb128 0xb
 1216 00ed 49       		.uleb128 0x49
 1217 00ee 13       		.uleb128 0x13
 1218 00ef 02       		.uleb128 0x2
 1219 00f0 18       		.uleb128 0x18
 1220 00f1 00       		.byte	0
 1221 00f2 00       		.byte	0
 1222 00f3 11       		.uleb128 0x11
 1223 00f4 898201   		.uleb128 0x4109
 1224 00f7 01       		.byte	0x1
 1225 00f8 11       		.uleb128 0x11
 1226 00f9 01       		.uleb128 0x1
 1227 00fa 31       		.uleb128 0x31
 1228 00fb 13       		.uleb128 0x13
 1229 00fc 01       		.uleb128 0x1
 1230 00fd 13       		.uleb128 0x13
 1231 00fe 00       		.byte	0
 1232 00ff 00       		.byte	0
 1233 0100 12       		.uleb128 0x12
 1234 0101 8A8201   		.uleb128 0x410a
 1235 0104 00       		.byte	0
 1236 0105 02       		.uleb128 0x2
 1237 0106 18       		.uleb128 0x18
 1238 0107 9142     		.uleb128 0x2111
 1239 0109 18       		.uleb128 0x18
 1240 010a 00       		.byte	0
 1241 010b 00       		.byte	0
 1242 010c 13       		.uleb128 0x13
 1243 010d 2E       		.uleb128 0x2e
 1244 010e 01       		.byte	0x1
 1245 010f 3F       		.uleb128 0x3f
 1246 0110 19       		.uleb128 0x19
 1247 0111 03       		.uleb128 0x3
ARM GAS  C:\Users\pedro\AppData\Local\Temp\ccW7ei8s.s 			page 26


 1248 0112 0E       		.uleb128 0xe
 1249 0113 3A       		.uleb128 0x3a
 1250 0114 0B       		.uleb128 0xb
 1251 0115 3B       		.uleb128 0x3b
 1252 0116 0B       		.uleb128 0xb
 1253 0117 27       		.uleb128 0x27
 1254 0118 19       		.uleb128 0x19
 1255 0119 49       		.uleb128 0x49
 1256 011a 13       		.uleb128 0x13
 1257 011b 8701     		.uleb128 0x87
 1258 011d 19       		.uleb128 0x19
 1259 011e 11       		.uleb128 0x11
 1260 011f 01       		.uleb128 0x1
 1261 0120 12       		.uleb128 0x12
 1262 0121 06       		.uleb128 0x6
 1263 0122 40       		.uleb128 0x40
 1264 0123 18       		.uleb128 0x18
 1265 0124 9742     		.uleb128 0x2117
 1266 0126 19       		.uleb128 0x19
 1267 0127 01       		.uleb128 0x1
 1268 0128 13       		.uleb128 0x13
 1269 0129 00       		.byte	0
 1270 012a 00       		.byte	0
 1271 012b 14       		.uleb128 0x14
 1272 012c 898201   		.uleb128 0x4109
 1273 012f 01       		.byte	0x1
 1274 0130 11       		.uleb128 0x11
 1275 0131 01       		.uleb128 0x1
 1276 0132 31       		.uleb128 0x31
 1277 0133 13       		.uleb128 0x13
 1278 0134 00       		.byte	0
 1279 0135 00       		.byte	0
 1280 0136 15       		.uleb128 0x15
 1281 0137 34       		.uleb128 0x34
 1282 0138 00       		.byte	0
 1283 0139 03       		.uleb128 0x3
 1284 013a 0E       		.uleb128 0xe
 1285 013b 3A       		.uleb128 0x3a
 1286 013c 0B       		.uleb128 0xb
 1287 013d 3B       		.uleb128 0x3b
 1288 013e 05       		.uleb128 0x5
 1289 013f 49       		.uleb128 0x49
 1290 0140 13       		.uleb128 0x13
 1291 0141 3F       		.uleb128 0x3f
 1292 0142 19       		.uleb128 0x19
 1293 0143 3C       		.uleb128 0x3c
 1294 0144 19       		.uleb128 0x19
 1295 0145 00       		.byte	0
 1296 0146 00       		.byte	0
 1297 0147 16       		.uleb128 0x16
 1298 0148 34       		.uleb128 0x34
 1299 0149 00       		.byte	0
 1300 014a 03       		.uleb128 0x3
 1301 014b 0E       		.uleb128 0xe
 1302 014c 3A       		.uleb128 0x3a
 1303 014d 0B       		.uleb128 0xb
 1304 014e 3B       		.uleb128 0x3b
ARM GAS  C:\Users\pedro\AppData\Local\Temp\ccW7ei8s.s 			page 27


 1305 014f 0B       		.uleb128 0xb
 1306 0150 49       		.uleb128 0x49
 1307 0151 13       		.uleb128 0x13
 1308 0152 3F       		.uleb128 0x3f
 1309 0153 19       		.uleb128 0x19
 1310 0154 02       		.uleb128 0x2
 1311 0155 18       		.uleb128 0x18
 1312 0156 00       		.byte	0
 1313 0157 00       		.byte	0
 1314 0158 17       		.uleb128 0x17
 1315 0159 01       		.uleb128 0x1
 1316 015a 01       		.byte	0x1
 1317 015b 49       		.uleb128 0x49
 1318 015c 13       		.uleb128 0x13
 1319 015d 01       		.uleb128 0x1
 1320 015e 13       		.uleb128 0x13
 1321 015f 00       		.byte	0
 1322 0160 00       		.byte	0
 1323 0161 18       		.uleb128 0x18
 1324 0162 21       		.uleb128 0x21
 1325 0163 00       		.byte	0
 1326 0164 49       		.uleb128 0x49
 1327 0165 13       		.uleb128 0x13
 1328 0166 2F       		.uleb128 0x2f
 1329 0167 0B       		.uleb128 0xb
 1330 0168 00       		.byte	0
 1331 0169 00       		.byte	0
 1332 016a 19       		.uleb128 0x19
 1333 016b 26       		.uleb128 0x26
 1334 016c 00       		.byte	0
 1335 016d 49       		.uleb128 0x49
 1336 016e 13       		.uleb128 0x13
 1337 016f 00       		.byte	0
 1338 0170 00       		.byte	0
 1339 0171 1A       		.uleb128 0x1a
 1340 0172 2E       		.uleb128 0x2e
 1341 0173 00       		.byte	0
 1342 0174 3F       		.uleb128 0x3f
 1343 0175 19       		.uleb128 0x19
 1344 0176 3C       		.uleb128 0x3c
 1345 0177 19       		.uleb128 0x19
 1346 0178 6E       		.uleb128 0x6e
 1347 0179 0E       		.uleb128 0xe
 1348 017a 03       		.uleb128 0x3
 1349 017b 0E       		.uleb128 0xe
 1350 017c 3A       		.uleb128 0x3a
 1351 017d 0B       		.uleb128 0xb
 1352 017e 3B       		.uleb128 0x3b
 1353 017f 0B       		.uleb128 0xb
 1354 0180 00       		.byte	0
 1355 0181 00       		.byte	0
 1356 0182 00       		.byte	0
 1357              		.section	.debug_loc,"",%progbits
 1358              	.Ldebug_loc0:
 1359              	.LLST0:
 1360 0000 00000000 		.4byte	.LVL0
 1361 0004 06000000 		.4byte	.LVL1
ARM GAS  C:\Users\pedro\AppData\Local\Temp\ccW7ei8s.s 			page 28


 1362 0008 0100     		.2byte	0x1
 1363 000a 50       		.byte	0x50
 1364 000b 06000000 		.4byte	.LVL1
 1365 000f 10000000 		.4byte	.LFE63
 1366 0013 0400     		.2byte	0x4
 1367 0015 F3       		.byte	0xf3
 1368 0016 01       		.uleb128 0x1
 1369 0017 50       		.byte	0x50
 1370 0018 9F       		.byte	0x9f
 1371 0019 00000000 		.4byte	0
 1372 001d 00000000 		.4byte	0
 1373              	.LLST1:
 1374 0021 00000000 		.4byte	.LVL3
 1375 0025 06000000 		.4byte	.LVL4
 1376 0029 0200     		.2byte	0x2
 1377 002b 30       		.byte	0x30
 1378 002c 9F       		.byte	0x9f
 1379 002d 06000000 		.4byte	.LVL4
 1380 0031 10000000 		.4byte	.LVL5
 1381 0035 0100     		.2byte	0x1
 1382 0037 50       		.byte	0x50
 1383 0038 12000000 		.4byte	.LVL6
 1384 003c 20000000 		.4byte	.LFE64
 1385 0040 0100     		.2byte	0x1
 1386 0042 50       		.byte	0x50
 1387 0043 00000000 		.4byte	0
 1388 0047 00000000 		.4byte	0
 1389              	.LLST2:
 1390 004b 00000000 		.4byte	.LVL3
 1391 004f 06000000 		.4byte	.LVL4
 1392 0053 0200     		.2byte	0x2
 1393 0055 30       		.byte	0x30
 1394 0056 9F       		.byte	0x9f
 1395 0057 06000000 		.4byte	.LVL4
 1396 005b 20000000 		.4byte	.LFE64
 1397 005f 0100     		.2byte	0x1
 1398 0061 53       		.byte	0x53
 1399 0062 00000000 		.4byte	0
 1400 0066 00000000 		.4byte	0
 1401              	.LLST3:
 1402 006a 00000000 		.4byte	.LVL8
 1403 006e 0A000000 		.4byte	.LVL10
 1404 0072 0100     		.2byte	0x1
 1405 0074 50       		.byte	0x50
 1406 0075 0A000000 		.4byte	.LVL10
 1407 0079 28000000 		.4byte	.LFE65
 1408 007d 0400     		.2byte	0x4
 1409 007f F3       		.byte	0xf3
 1410 0080 01       		.uleb128 0x1
 1411 0081 50       		.byte	0x50
 1412 0082 9F       		.byte	0x9f
 1413 0083 00000000 		.4byte	0
 1414 0087 00000000 		.4byte	0
 1415              	.LLST4:
 1416 008b 00000000 		.4byte	.LVL8
 1417 008f 06000000 		.4byte	.LVL9
 1418 0093 0100     		.2byte	0x1
ARM GAS  C:\Users\pedro\AppData\Local\Temp\ccW7ei8s.s 			page 29


 1419 0095 51       		.byte	0x51
 1420 0096 06000000 		.4byte	.LVL9
 1421 009a 28000000 		.4byte	.LFE65
 1422 009e 0400     		.2byte	0x4
 1423 00a0 F3       		.byte	0xf3
 1424 00a1 01       		.uleb128 0x1
 1425 00a2 51       		.byte	0x51
 1426 00a3 9F       		.byte	0x9f
 1427 00a4 00000000 		.4byte	0
 1428 00a8 00000000 		.4byte	0
 1429              	.LLST5:
 1430 00ac 0E000000 		.4byte	.LVL16
 1431 00b0 10000000 		.4byte	.LVL17
 1432 00b4 0200     		.2byte	0x2
 1433 00b6 30       		.byte	0x30
 1434 00b7 9F       		.byte	0x9f
 1435 00b8 00000000 		.4byte	0
 1436 00bc 00000000 		.4byte	0
 1437              	.LLST6:
 1438 00c0 0E000000 		.4byte	.LVL16
 1439 00c4 10000000 		.4byte	.LVL17
 1440 00c8 0200     		.2byte	0x2
 1441 00ca 30       		.byte	0x30
 1442 00cb 9F       		.byte	0x9f
 1443 00cc 10000000 		.4byte	.LVL17
 1444 00d0 58000000 		.4byte	.LVL23
 1445 00d4 0100     		.2byte	0x1
 1446 00d6 54       		.byte	0x54
 1447 00d7 5A000000 		.4byte	.LVL24
 1448 00db 7C000000 		.4byte	.LFE66
 1449 00df 0100     		.2byte	0x1
 1450 00e1 54       		.byte	0x54
 1451 00e2 00000000 		.4byte	0
 1452 00e6 00000000 		.4byte	0
 1453              	.LLST7:
 1454 00ea 0C000000 		.4byte	.LVL28
 1455 00ee 18000000 		.4byte	.LVL30
 1456 00f2 0100     		.2byte	0x1
 1457 00f4 54       		.byte	0x54
 1458 00f5 18000000 		.4byte	.LVL30
 1459 00f9 1C000000 		.4byte	.LFE68
 1460 00fd 0700     		.2byte	0x7
 1461 00ff 70       		.byte	0x70
 1462 0100 00       		.sleb128 0
 1463 0101 32       		.byte	0x32
 1464 0102 24       		.byte	0x24
 1465 0103 73       		.byte	0x73
 1466 0104 00       		.sleb128 0
 1467 0105 22       		.byte	0x22
 1468 0106 00000000 		.4byte	0
 1469 010a 00000000 		.4byte	0
 1470              	.LLST8:
 1471 010e 02000000 		.4byte	.LVL34
 1472 0112 06000000 		.4byte	.LVL35
 1473 0116 0200     		.2byte	0x2
 1474 0118 30       		.byte	0x30
 1475 0119 9F       		.byte	0x9f
ARM GAS  C:\Users\pedro\AppData\Local\Temp\ccW7ei8s.s 			page 30


 1476 011a 06000000 		.4byte	.LVL35
 1477 011e 12000000 		.4byte	.LVL36
 1478 0122 0100     		.2byte	0x1
 1479 0124 50       		.byte	0x50
 1480 0125 00000000 		.4byte	0
 1481 0129 00000000 		.4byte	0
 1482              		.section	.debug_aranges,"",%progbits
 1483 0000 54000000 		.4byte	0x54
 1484 0004 0200     		.2byte	0x2
 1485 0006 00000000 		.4byte	.Ldebug_info0
 1486 000a 04       		.byte	0x4
 1487 000b 00       		.byte	0
 1488 000c 0000     		.2byte	0
 1489 000e 0000     		.2byte	0
 1490 0010 00000000 		.4byte	.LFB67
 1491 0014 0C000000 		.4byte	.LFE67-.LFB67
 1492 0018 00000000 		.4byte	.LFB63
 1493 001c 10000000 		.4byte	.LFE63-.LFB63
 1494 0020 00000000 		.4byte	.LFB64
 1495 0024 20000000 		.4byte	.LFE64-.LFB64
 1496 0028 00000000 		.4byte	.LFB65
 1497 002c 28000000 		.4byte	.LFE65-.LFB65
 1498 0030 00000000 		.4byte	.LFB66
 1499 0034 7C000000 		.4byte	.LFE66-.LFB66
 1500 0038 00000000 		.4byte	.LFB68
 1501 003c 1C000000 		.4byte	.LFE68-.LFB68
 1502 0040 00000000 		.4byte	.LFB69
 1503 0044 20000000 		.4byte	.LFE69-.LFB69
 1504 0048 00000000 		.4byte	.LFB70
 1505 004c 20000000 		.4byte	.LFE70-.LFB70
 1506 0050 00000000 		.4byte	0
 1507 0054 00000000 		.4byte	0
 1508              		.section	.debug_ranges,"",%progbits
 1509              	.Ldebug_ranges0:
 1510 0000 00000000 		.4byte	.LBB2
 1511 0004 02000000 		.4byte	.LBE2
 1512 0008 04000000 		.4byte	.LBB3
 1513 000c 18000000 		.4byte	.LBE3
 1514 0010 00000000 		.4byte	0
 1515 0014 00000000 		.4byte	0
 1516 0018 00000000 		.4byte	.LFB67
 1517 001c 0C000000 		.4byte	.LFE67
 1518 0020 00000000 		.4byte	.LFB63
 1519 0024 10000000 		.4byte	.LFE63
 1520 0028 00000000 		.4byte	.LFB64
 1521 002c 20000000 		.4byte	.LFE64
 1522 0030 00000000 		.4byte	.LFB65
 1523 0034 28000000 		.4byte	.LFE65
 1524 0038 00000000 		.4byte	.LFB66
 1525 003c 7C000000 		.4byte	.LFE66
 1526 0040 00000000 		.4byte	.LFB68
 1527 0044 1C000000 		.4byte	.LFE68
 1528 0048 00000000 		.4byte	.LFB69
 1529 004c 20000000 		.4byte	.LFE69
 1530 0050 00000000 		.4byte	.LFB70
 1531 0054 20000000 		.4byte	.LFE70
 1532 0058 00000000 		.4byte	0
ARM GAS  C:\Users\pedro\AppData\Local\Temp\ccW7ei8s.s 			page 31


 1533 005c 00000000 		.4byte	0
 1534              		.section	.debug_line,"",%progbits
 1535              	.Ldebug_line0:
 1536 0000 8B020000 		.section	.debug_str,"MS",%progbits,1
 1536      0200CA01 
 1536      00000201 
 1536      FB0E0D00 
 1536      01010101 
 1537              	.LASF4:
 1538 0000 5F5F7569 		.ascii	"__uint8_t\000"
 1538      6E74385F 
 1538      7400
 1539              	.LASF27:
 1540 000a 6461746F 		.ascii	"datoAEnviar\000"
 1540      41456E76 
 1540      69617200 
 1541              	.LASF26:
 1542 0016 64617461 		.ascii	"data\000"
 1542      00
 1543              	.LASF35:
 1544 001b 72785F64 		.ascii	"rx_data\000"
 1544      61746100 
 1545              	.LASF5:
 1546 0023 5F5F696E 		.ascii	"__int32_t\000"
 1546      7433325F 
 1546      7400
 1547              	.LASF28:
 1548 002d 6C656374 		.ascii	"lectura_sensor\000"
 1548      7572615F 
 1548      73656E73 
 1548      6F7200
 1549              	.LASF32:
 1550 003c 53656C65 		.ascii	"Selector\000"
 1550      63746F72 
 1550      00
 1551              	.LASF30:
 1552 0045 6972715F 		.ascii	"irq_Activacion_Lectura\000"
 1552      41637469 
 1552      76616369 
 1552      6F6E5F4C 
 1552      65637475 
 1553              	.LASF22:
 1554 005c 6E756D45 		.ascii	"numElementos\000"
 1554      6C656D65 
 1554      6E746F73 
 1554      00
 1555              	.LASF23:
 1556 0069 656E7669 		.ascii	"enviarDatos\000"
 1556      61724461 
 1556      746F7300 
 1557              	.LASF21:
 1558 0075 72657375 		.ascii	"resultado\000"
 1558      6C746164 
 1558      6F00
 1559              	.LASF41:
 1560 007f 5365676D 		.ascii	"Segmento_Write\000"
 1560      656E746F 
ARM GAS  C:\Users\pedro\AppData\Local\Temp\ccW7ei8s.s 			page 32


 1560      5F577269 
 1560      746500
 1561              	.LASF14:
 1562 008e 666C6F61 		.ascii	"float\000"
 1562      7400
 1563              	.LASF56:
 1564 0094 50657272 		.ascii	"Perror\000"
 1564      6F7200
 1565              	.LASF34:
 1566 009b 55415254 		.ascii	"UART_RX_ISR\000"
 1566      5F52585F 
 1566      49535200 
 1567              	.LASF44:
 1568 00a7 55415254 		.ascii	"UART_Atmega_Start\000"
 1568      5F41746D 
 1568      6567615F 
 1568      53746172 
 1568      7400
 1569              	.LASF33:
 1570 00b9 6972715F 		.ascii	"irq_Activacion_triger\000"
 1570      41637469 
 1570      76616369 
 1570      6F6E5F74 
 1570      72696765 
 1571              	.LASF53:
 1572 00cf 474E5520 		.ascii	"GNU C11 5.4.1 20160609 (release) [ARM/embedded-5-br"
 1572      43313120 
 1572      352E342E 
 1572      31203230 
 1572      31363036 
 1573 0102 616E6368 		.ascii	"anch revision 237715] -mcpu=cortex-m3 -mthumb -g -O"
 1573      20726576 
 1573      6973696F 
 1573      6E203233 
 1573      37373135 
 1574 0135 67202D66 		.ascii	"g -ffunction-sections -ffat-lto-objects\000"
 1574      66756E63 
 1574      74696F6E 
 1574      2D736563 
 1574      74696F6E 
 1575              	.LASF31:
 1576 015d 76616C75 		.ascii	"value_counter\000"
 1576      655F636F 
 1576      756E7465 
 1576      7200
 1577              	.LASF55:
 1578 016b 433A5C55 		.ascii	"C:\\Users\\pedro\\Documents\\Embebidos\\ISEP6-Vivia"
 1578      73657273 
 1578      5C706564 
 1578      726F5C44 
 1578      6F63756D 
 1579 0199 6E615C49 		.ascii	"na\\ISEP6-Viviana.cydsn\000"
 1579      53455036 
 1579      2D566976 
 1579      69616E61 
 1579      2E637964 
 1580              	.LASF7:
ARM GAS  C:\Users\pedro\AppData\Local\Temp\ccW7ei8s.s 			page 33


 1581 01b0 6C6F6E67 		.ascii	"long unsigned int\000"
 1581      20756E73 
 1581      69676E65 
 1581      6420696E 
 1581      7400
 1582              	.LASF3:
 1583 01c2 73686F72 		.ascii	"short unsigned int\000"
 1583      7420756E 
 1583      7369676E 
 1583      65642069 
 1583      6E7400
 1584              	.LASF42:
 1585 01d5 55415254 		.ascii	"UART_Atmega_ReadTxStatus\000"
 1585      5F41746D 
 1585      6567615F 
 1585      52656164 
 1585      54785374 
 1586              	.LASF36:
 1587 01ee 49544D5F 		.ascii	"ITM_RxBuffer\000"
 1587      52784275 
 1587      66666572 
 1587      00
 1588              	.LASF1:
 1589 01fb 756E7369 		.ascii	"unsigned char\000"
 1589      676E6564 
 1589      20636861 
 1589      7200
 1590              	.LASF20:
 1591 0209 70726F63 		.ascii	"procesarDistancias\000"
 1591      65736172 
 1591      44697374 
 1591      616E6369 
 1591      617300
 1592              	.LASF46:
 1593 021c 56315F57 		.ascii	"V1_Write\000"
 1593      72697465 
 1593      00
 1594              	.LASF50:
 1595 0225 54726967 		.ascii	"Trigger_out_Write\000"
 1595      6765725F 
 1595      6F75745F 
 1595      57726974 
 1595      6500
 1596              	.LASF52:
 1597 0237 55415254 		.ascii	"UART_Atmega_ReadRxData\000"
 1597      5F41746D 
 1597      6567615F 
 1597      52656164 
 1597      52784461 
 1598              	.LASF45:
 1599 024e 6972715F 		.ascii	"irq_P_StartEx\000"
 1599      505F5374 
 1599      61727445 
 1599      7800
 1600              	.LASF57:
 1601 025c 6D61696E 		.ascii	"main\000"
 1601      00
ARM GAS  C:\Users\pedro\AppData\Local\Temp\ccW7ei8s.s 			page 34


 1602              	.LASF10:
 1603 0261 756E7369 		.ascii	"unsigned int\000"
 1603      676E6564 
 1603      20696E74 
 1603      00
 1604              	.LASF24:
 1605 026e 64696769 		.ascii	"digit\000"
 1605      7400
 1606              	.LASF9:
 1607 0274 6C6F6E67 		.ascii	"long long unsigned int\000"
 1607      206C6F6E 
 1607      6720756E 
 1607      7369676E 
 1607      65642069 
 1608              	.LASF11:
 1609 028b 75696E74 		.ascii	"uint8_t\000"
 1609      385F7400 
 1610              	.LASF37:
 1611 0293 466C6167 		.ascii	"FlagError\000"
 1611      4572726F 
 1611      7200
 1612              	.LASF48:
 1613 029d 54696D65 		.ascii	"Timer_Lectura_ReadCounter\000"
 1613      725F4C65 
 1613      63747572 
 1613      615F5265 
 1613      6164436F 
 1614              	.LASF12:
 1615 02b7 696E7433 		.ascii	"int32_t\000"
 1615      325F7400 
 1616              	.LASF18:
 1617 02bf 73697A65 		.ascii	"sizetype\000"
 1617      74797065 
 1617      00
 1618              	.LASF19:
 1619 02c8 64697370 		.ascii	"displayCharacter\000"
 1619      6C617943 
 1619      68617261 
 1619      63746572 
 1619      00
 1620              	.LASF29:
 1621 02d9 6D6F646F 		.ascii	"modo\000"
 1621      00
 1622              	.LASF8:
 1623 02de 6C6F6E67 		.ascii	"long long int\000"
 1623      206C6F6E 
 1623      6720696E 
 1623      7400
 1624              	.LASF39:
 1625 02ec 64697374 		.ascii	"distancias\000"
 1625      616E6369 
 1625      617300
 1626              	.LASF54:
 1627 02f7 6D61696E 		.ascii	"main.c\000"
 1627      2E6300
 1628              	.LASF16:
 1629 02fe 63686172 		.ascii	"char\000"
ARM GAS  C:\Users\pedro\AppData\Local\Temp\ccW7ei8s.s 			page 35


 1629      00
 1630              	.LASF43:
 1631 0303 55415254 		.ascii	"UART_Atmega_WriteTxData\000"
 1631      5F41746D 
 1631      6567615F 
 1631      57726974 
 1631      65547844 
 1632              	.LASF40:
 1633 031b 64696769 		.ascii	"digitPatterns\000"
 1633      74506174 
 1633      7465726E 
 1633      7300
 1634              	.LASF25:
 1635 0329 7469706F 		.ascii	"tipo\000"
 1635      00
 1636              	.LASF2:
 1637 032e 73686F72 		.ascii	"short int\000"
 1637      7420696E 
 1637      7400
 1638              	.LASF49:
 1639 0338 436F6E74 		.ascii	"Contador_Estado_Read\000"
 1639      61646F72 
 1639      5F457374 
 1639      61646F5F 
 1639      52656164 
 1640              	.LASF13:
 1641 034d 75696E74 		.ascii	"uint8\000"
 1641      3800
 1642              	.LASF38:
 1643 0353 68616269 		.ascii	"habilitador_triger\000"
 1643      6C697461 
 1643      646F725F 
 1643      74726967 
 1643      657200
 1644              	.LASF47:
 1645 0366 56325F57 		.ascii	"V2_Write\000"
 1645      72697465 
 1645      00
 1646              	.LASF6:
 1647 036f 6C6F6E67 		.ascii	"long int\000"
 1647      20696E74 
 1647      00
 1648              	.LASF17:
 1649 0378 6C6F6E67 		.ascii	"long double\000"
 1649      20646F75 
 1649      626C6500 
 1650              	.LASF0:
 1651 0384 7369676E 		.ascii	"signed char\000"
 1651      65642063 
 1651      68617200 
 1652              	.LASF15:
 1653 0390 646F7562 		.ascii	"double\000"
 1653      6C6500
 1654              	.LASF51:
 1655 0397 43794465 		.ascii	"CyDelay\000"
 1655      6C617900 
 1656              		.ident	"GCC: (GNU Tools for ARM Embedded Processors) 5.4.1 20160609 (release) [ARM/embedded-5-bran
ARM GAS  C:\Users\pedro\AppData\Local\Temp\ccW7ei8s.s 			page 36


