#***************************************************************************

#sjplacer

#Version:            1.1

#Build Date:         Sep  9 2019 11:47:43

#File Generated:     Nov 27 2023 10:03:32

#Purpose:            

#Copyright (C) 2010-2011 by Softjin Technologies Pvt Ltd. All rights reserved.

#***************************************************************************

Executing : C:\Program Files (x86)\Cypress\PSoC Creator\4.4\PSoC Creator\bin/sjplacer.exe --proj-name ISEP6-Viviana --netlist-vh2 ISEP6-Viviana_p.vh2 --arch p35_udb4x6 --arch-file C:\Program Files (x86)\Cypress\PSoC Creator\4.4\PSoC Creator\dev\arch/udbdsi_4x6_24.cydata --ip-file C:\Program Files (x86)\Cypress\PSoC Creator\4.4\PSoC Creator\dev\psoc5/psoc5lp/ip_blocks.cydata --rrg-file C:\Program Files (x86)\Cypress\PSoC Creator\4.4\PSoC Creator\dev\psoc5/psoc5lp/route_arch-rrg.cydata --irq-file C:\Program Files (x86)\Cypress\PSoC Creator\4.4\PSoC Creator\dev\psoc5/psoc5lp/irqconn.cydata --drq-file C:\Program Files (x86)\Cypress\PSoC Creator\4.4\PSoC Creator\dev\psoc5/psoc5lp/dmaconn.cydata --dsi-conn-file C:\Program Files (x86)\Cypress\PSoC Creator\4.4\PSoC Creator\dev\psoc5/psoc5lp/dsiconn.cydata --pins-file pins_68-QFN.xml --lib-file ISEP6-Viviana_p.lib --sdc-file ISEP6-Viviana.sdc --io-pcf ISEP6-Viviana.pci --outdir .

		Softjin Techologies Placer, Version 1.1

Build Date : Sep  9 2019	11:45:12

D2004: Option and Settings Summary
=============================================================
Netlist vh2 file          - ISEP6-Viviana_p.vh2
Architecture file         - C:\Program Files (x86)\Cypress\PSoC Creator\4.4\PSoC Creator\dev\arch/udbdsi_4x6_24.cydata
Package                   - 
Defparam file             - 
SDC file                  - ISEP6-Viviana.sdc
Output directory          - .
Timing library            - ISEP6-Viviana_p.lib
IO Placement file         - ISEP6-Viviana.pci

D2050: Starting reading inputs for placer
=============================================================
D2065: Reading netlist file : "ISEP6-Viviana_p.vh2"
D2065: Reading arch file : "C:\Program Files (x86)\Cypress\PSoC Creator\4.4\PSoC Creator\dev\arch/udbdsi_4x6_24.cydata"
D2051: Reading of inputs for placer completed successfully

D2053: Starting placement of the design
=============================================================

Phase 2
Phase 3

Design Statistics after Packing
    Number of Combinational MCs 	:	15
    Number of Sequential MCs    	:	21
    Number of DPs               	:	3
    Number of Controls          	:	2
    Number of Status            	:	3
    Number of SyncCells         	:	0
    Number of count7cells       	:	1

Device Utilization Summary after Packing
    Macrocells                  :	36/192
    UDBS                        :	6/24
    IOs                         :	24/72


D2088: Phase 3, elapsed time : 0.0 (sec)

Phase 4
D2088: Phase 4, elapsed time : 0.0 (sec)

Phase 5
D2088: Phase 5, elapsed time : 0.0 (sec)

Phase 6

######################################################################
Placement Timing Summary

The timing summary is based on estimated routing delays after
placement. For final timing report, please carry out the timing
analysis after routing.
======================================================================

######################################################################
                     Clock Summary 
======================================================================
Number of clocks: 11
Clock: Clk2                 | Frequency: N/A       | Target:   1.0 MHz
Clock: Clk2(fixed-function) | Frequency: N/A       | Target:   1.0 MHz
Clock: Clk_100Hz            | Frequency: 108.6 MHz | Target:   0.0 MHz
Clock: Clk_100Hz(fixed-function) | Frequency: N/A       | Target:   0.0 MHz
Clock: Clk_200Hz            | Frequency: 142.8 MHz | Target:   0.0 MHz
Clock: CyBUS_CLK            | Frequency:  43.5 MHz | Target:  24.0 MHz
Clock: CyILO                | Frequency: N/A       | Target:   0.0 MHz
Clock: CyIMO                | Frequency: N/A       | Target:   3.0 MHz
Clock: CyMASTER_CLK         | Frequency: N/A       | Target:  24.0 MHz
Clock: CyPLL_OUT            | Frequency: N/A       | Target:  24.0 MHz
Clock: UART_Atmega_IntClock | Frequency:  43.5 MHz | Target:   0.0 MHz

======================================================================
                     End of Clock Summary
######################################################################

D2088: Phase 6, elapsed time : 0.0 (sec)

Phase 7
######################################################################
                     Clock Summary 
======================================================================
Number of clocks: 11
Clock: Clk2                 | Frequency: N/A       | Target:   1.0 MHz
Clock: Clk2(fixed-function) | Frequency: N/A       | Target:   1.0 MHz
Clock: Clk_100Hz            | Frequency: 108.6 MHz | Target:   0.0 MHz
Clock: Clk_100Hz(fixed-function) | Frequency: N/A       | Target:   0.0 MHz
Clock: Clk_200Hz            | Frequency: 142.8 MHz | Target:   0.0 MHz
Clock: CyBUS_CLK            | Frequency:   1.1 MHz | Target:  24.0 MHz
Clock: CyILO                | Frequency: N/A       | Target:   0.0 MHz
Clock: CyIMO                | Frequency: N/A       | Target:   3.0 MHz
Clock: CyMASTER_CLK         | Frequency: N/A       | Target:  24.0 MHz
Clock: CyPLL_OUT            | Frequency: N/A       | Target:  24.0 MHz
Clock: UART_Atmega_IntClock | Frequency:   1.1 MHz | Target:   0.0 MHz

======================================================================
                     End of Clock Summary
######################################################################
D2088: Phase 7, elapsed time : 0.1 (sec)

Final Design Statistics
    Number of Combinational MCs 	:	15
    Number of Sequential MCs    	:	21
    Number of DPs               	:	3
    Number of Controls          	:	2
    Number of Status            	:	3
    Number of SyncCells         	:	0
    Number of count7cells       	:	1
    Number of IOs       	:	24

Device Utilization Summary
    Macrocells                  :	36/192
    IOs                         :	24/72



######################################################################
Placement Timing Summary

The timing summary is based on estimated routing delays after
placement. For final timing report, please carry out the timing
analysis after routing.
======================================================================


######################################################################
                     Clock Summary 
======================================================================
Number of clocks: 11
Clock: Clk2                 | Frequency: N/A       | Target:   1.0 MHz
Clock: Clk2(fixed-function) | Frequency: N/A       | Target:   1.0 MHz
Clock: Clk_100Hz            | Frequency: 108.6 MHz | Target:   0.0 MHz
Clock: Clk_100Hz(fixed-function) | Frequency: N/A       | Target:   0.0 MHz
Clock: Clk_200Hz            | Frequency: 142.8 MHz | Target:   0.0 MHz
Clock: CyBUS_CLK            | Frequency:   1.1 MHz | Target:  24.0 MHz
Clock: CyILO                | Frequency: N/A       | Target:   0.0 MHz
Clock: CyIMO                | Frequency: N/A       | Target:   3.0 MHz
Clock: CyMASTER_CLK         | Frequency: N/A       | Target:  24.0 MHz
Clock: CyPLL_OUT            | Frequency: N/A       | Target:  24.0 MHz
Clock: UART_Atmega_IntClock | Frequency:   1.1 MHz | Target:   0.0 MHz

======================================================================
                     End of Clock Summary
######################################################################

Phase 6

######################################################################
Placement Timing Summary

The timing summary is based on estimated routing delays after
placement. For final timing report, please carry out the timing
analysis after routing.
======================================================================

######################################################################
                     Clock Summary 
======================================================================
Number of clocks: 11
Clock: Clk2                 | Frequency: N/A       | Target:   1.0 MHz
Clock: Clk2(fixed-function) | Frequency: N/A       | Target:   1.0 MHz
Clock: Clk_100Hz            | Frequency: 108.6 MHz | Target:   0.0 MHz
Clock: Clk_100Hz(fixed-function) | Frequency: N/A       | Target:   0.0 MHz
Clock: Clk_200Hz            | Frequency: 142.8 MHz | Target:   0.0 MHz
Clock: CyBUS_CLK            | Frequency:   1.1 MHz | Target:  24.0 MHz
Clock: CyILO                | Frequency: N/A       | Target:   0.0 MHz
Clock: CyIMO                | Frequency: N/A       | Target:   3.0 MHz
Clock: CyMASTER_CLK         | Frequency: N/A       | Target:  24.0 MHz
Clock: CyPLL_OUT            | Frequency: N/A       | Target:  24.0 MHz
Clock: UART_Atmega_IntClock | Frequency:   1.1 MHz | Target:   0.0 MHz

======================================================================
                     End of Clock Summary
######################################################################

D2088: Phase 6, elapsed time : 0.0 (sec)

Phase 7
######################################################################
                     Clock Summary 
======================================================================
Number of clocks: 11
Clock: Clk2                 | Frequency: N/A       | Target:   1.0 MHz
Clock: Clk2(fixed-function) | Frequency: N/A       | Target:   1.0 MHz
Clock: Clk_100Hz            | Frequency: 108.6 MHz | Target:   0.0 MHz
Clock: Clk_100Hz(fixed-function) | Frequency: N/A       | Target:   0.0 MHz
Clock: Clk_200Hz            | Frequency: 142.8 MHz | Target:   0.0 MHz
Clock: CyBUS_CLK            | Frequency:   1.1 MHz | Target:  24.0 MHz
Clock: CyILO                | Frequency: N/A       | Target:   0.0 MHz
Clock: CyIMO                | Frequency: N/A       | Target:   3.0 MHz
Clock: CyMASTER_CLK         | Frequency: N/A       | Target:  24.0 MHz
Clock: CyPLL_OUT            | Frequency: N/A       | Target:  24.0 MHz
Clock: UART_Atmega_IntClock | Frequency:   1.1 MHz | Target:   0.0 MHz

======================================================================
                     End of Clock Summary
######################################################################
D2088: Phase 7, elapsed time : 0.3 (sec)

Final Design Statistics
    Number of Combinational MCs 	:	15
    Number of Sequential MCs    	:	21
    Number of DPs               	:	3
    Number of Controls          	:	2
    Number of Status            	:	3
    Number of SyncCells         	:	0
    Number of count7cells       	:	1
    Number of IOs       	:	24

Device Utilization Summary
    Macrocells                  :	36/192
    IOs                         :	24/72



######################################################################
Placement Timing Summary

The timing summary is based on estimated routing delays after
placement. For final timing report, please carry out the timing
analysis after routing.
======================================================================


######################################################################
                     Clock Summary 
======================================================================
Number of clocks: 11
Clock: Clk2                 | Frequency: N/A       | Target:   1.0 MHz
Clock: Clk2(fixed-function) | Frequency: N/A       | Target:   1.0 MHz
Clock: Clk_100Hz            | Frequency: 108.6 MHz | Target:   0.0 MHz
Clock: Clk_100Hz(fixed-function) | Frequency: N/A       | Target:   0.0 MHz
Clock: Clk_200Hz            | Frequency: 142.8 MHz | Target:   0.0 MHz
Clock: CyBUS_CLK            | Frequency:   1.2 MHz | Target:  24.0 MHz
Clock: CyILO                | Frequency: N/A       | Target:   0.0 MHz
Clock: CyIMO                | Frequency: N/A       | Target:   3.0 MHz
Clock: CyMASTER_CLK         | Frequency: N/A       | Target:  24.0 MHz
Clock: CyPLL_OUT            | Frequency: N/A       | Target:  24.0 MHz
Clock: UART_Atmega_IntClock | Frequency:   1.2 MHz | Target:   0.0 MHz

======================================================================
                     End of Clock Summary
######################################################################

Phase 8
D2088: Phase 8, elapsed time : 0.0 (sec)

D2054: Placement of the design completed successfully

I2076: Total run-time: 0.9 sec.

